2024-09-04 17:48:14,242 - cutter_log - INFO - current_meter/aim_meter: 1120.0/3000[1000]
2024-09-04 17:48:15,961 - cutter_log - INFO - Start:(0, 0),End:(0, 0)
2024-09-04 17:48:15,963 - cutter_log - INFO - Start:(0, 0),End:(0, 0)
2024-09-04 17:48:15,975 - cutter_log - INFO - Start:(0, 0),End:(0, 0)
2024-09-04 17:48:15,976 - cutter_log - INFO - Start:(0, 0),End:(0, 0)
2024-09-04 17:48:15,977 - cutter_log - INFO - Start:(0, 0),End:(0, 0)
2024-09-04 17:48:15,987 - cutter_log - INFO - Start:(0, 0),End:(0, 0)
2024-09-04 17:48:15,990 - cutter_log - INFO - Start:(0, 0),End:(0, 0)
2024-09-04 17:48:15,992 - cutter_log - INFO - Start:(0, 0),End:(0, 0)
2024-09-04 17:48:16,002 - cutter_log - INFO - Start:(0, 0),End:(0, 0)
2024-09-04 17:48:16,003 - cutter_log - INFO - Start:(0, 0),End:(0, 0)
2024-09-04 17:48:16,014 - cutter_log - INFO - Start:(0, 0),End:(0, 0)
2024-09-04 17:48:16,015 - cutter_log - INFO - Start:(0, 0),End:(0, 0)
2024-09-04 17:48:16,026 - cutter_log - INFO - Start:(0, 0),End:(0, 0)
2024-09-04 17:48:16,037 - cutter_log - INFO - Start:(0, 0),End:(0, 0)
2024-09-04 17:48:16,048 - cutter_log - INFO - Start:(0, 0),End:(0, 0)
2024-09-04 17:48:16,049 - cutter_log - INFO - Start:(0, 0),End:(0, 0)
2024-09-04 17:48:16,060 - cutter_log - INFO - Start:(0, 0),End:(0, 0)
2024-09-04 17:48:16,061 - cutter_log - INFO - Start:(0, 0),End:(0, 0)
2024-09-04 17:48:16,072 - cutter_log - INFO - Start:(0, 0),End:(0, 0)
2024-09-04 17:48:16,073 - cutter_log - INFO - Start:(0, 0),End:(0, 0)
2024-09-04 17:48:16,084 - cutter_log - INFO - Start:(0, 0),End:(0, 0)
2024-09-04 17:48:16,086 - cutter_log - INFO - Start:(0, 0),End:(0, 0)
2024-09-04 17:48:16,096 - cutter_log - INFO - Start:(0, 0),End:(0, 0)
2024-09-04 17:48:16,107 - cutter_log - INFO - Start:(0, 0),End:(0, 0)
2024-09-04 17:48:16,109 - cutter_log - INFO - Start:(0, 0),End:(0, 0)
2024-09-04 17:48:16,119 - cutter_log - INFO - Start:(0, 0),End:(0, 0)
2024-09-04 17:48:16,119 - cutter_log - INFO - Start:(0, 0),End:(0, 0)
2024-09-04 17:48:16,131 - cutter_log - INFO - Start:(0, 0),End:(0, 0)
2024-09-04 17:48:16,132 - cutter_log - INFO - Start:(0, 0),End:(0, 0)
2024-09-04 17:48:16,143 - cutter_log - INFO - Start:(0, 0),End:(0, 0)
2024-09-04 17:48:16,145 - cutter_log - INFO - Start:(0, 0),End:(0, 0)
2024-09-04 17:48:16,156 - cutter_log - INFO - Start:(0, 0),End:(0, 0)
2024-09-04 17:48:16,157 - cutter_log - INFO - Start:(0, 0),End:(0, 0)
2024-09-04 17:48:16,167 - cutter_log - INFO - Start:(0, 0),End:(0, 0)
2024-09-04 17:48:16,179 - cutter_log - INFO - Start:(0, 0),End:(0, 0)
2024-09-04 17:48:16,181 - cutter_log - INFO - Start:(0, 0),End:(0, 0)
2024-09-04 17:48:16,192 - cutter_log - INFO - Start:(0, 0),End:(0, 0)
2024-09-04 17:48:16,193 - cutter_log - INFO - Start:(0, 0),End:(0, 0)
2024-09-04 17:48:16,193 - cutter_log - INFO - Start:(0, 0),End:(0, 0)
2024-09-04 17:48:16,205 - cutter_log - INFO - Start:(0, 0),End:(0, 0)
2024-09-04 17:48:16,208 - cutter_log - INFO - Start:(0, 0),End:(0, 0)
2024-09-04 17:48:16,220 - cutter_log - INFO - Start:(0, 0),End:(0, 0)
2024-09-04 17:48:16,222 - cutter_log - INFO - Start:(0, 0),End:(0, 0)
2024-09-04 17:48:16,234 - cutter_log - INFO - Start:(0, 0),End:(0, 0)
2024-09-04 17:48:16,236 - cutter_log - INFO - Start:(0, 0),End:(0, 0)
2024-09-04 17:48:16,247 - cutter_log - INFO - Start:(0, 0),End:(0, 0)
2024-09-04 17:48:16,249 - cutter_log - INFO - Start:(0, 0),End:(0, 0)
2024-09-04 17:48:16,260 - cutter_log - INFO - Start:(0, 0),End:(0, 0)
2024-09-04 17:48:16,260 - cutter_log - INFO - Start:(0, 0),End:(0, 0)
2024-09-04 17:48:16,273 - cutter_log - INFO - Start:(0, 0),End:(0, 0)
2024-09-04 17:48:16,285 - cutter_log - INFO - Start:(0, 0),End:(0, 0)
2024-09-04 17:48:16,288 - cutter_log - INFO - Start:(0, 0),End:(0, 0)
2024-09-04 17:48:16,298 - cutter_log - INFO - Start:(0, 0),End:(0, 0)
2024-09-04 17:48:16,300 - cutter_log - INFO - Start:(0, 0),End:(0, 0)
2024-09-04 17:48:16,310 - cutter_log - INFO - Start:(0, 0),End:(0, 0)
2024-09-04 17:48:16,322 - cutter_log - INFO - Start:(0, 0),End:(0, 0)
2024-09-04 17:48:16,541 - cutter_log - INFO - Start:(0, 0),End:(0, 0)
2024-09-04 17:48:16,543 - cutter_log - INFO - Start:(0, 0),End:(0, 0)
2024-09-04 17:48:16,554 - cutter_log - INFO - Start:(0, 0),End:(0, 0)
2024-09-04 17:48:16,555 - cutter_log - INFO - Start:(0, 0),End:(0, 0)
2024-09-04 17:48:16,566 - cutter_log - INFO - Start:(0, 0),End:(0, 0)
2024-09-04 17:48:16,577 - cutter_log - INFO - Start:(0, 0),End:(0, 0)
2024-09-04 17:48:16,589 - cutter_log - INFO - Start:(0, 0),End:(0, 0)
2024-09-04 17:48:16,600 - cutter_log - INFO - Start:(0, 0),End:(0, 0)
2024-09-04 17:48:16,612 - cutter_log - INFO - Start:(0, 0),End:(0, 0)
2024-09-04 17:48:16,612 - cutter_log - INFO - Start:(0, 0),End:(0, 0)
2024-09-04 17:48:16,624 - cutter_log - INFO - Start:(0, 0),End:(0, 0)
2024-09-04 17:48:16,625 - cutter_log - INFO - Start:(0, 0),End:(0, 0)
2024-09-04 17:48:16,636 - cutter_log - INFO - Start:(0, 0),End:(0, 0)
2024-09-04 17:48:16,637 - cutter_log - INFO - Start:(0, 0),End:(0, 0)
2024-09-04 17:48:16,647 - cutter_log - INFO - Start:(0, 0),End:(0, 0)
2024-09-04 17:48:16,658 - cutter_log - INFO - Start:(0, 0),End:(0, 0)
2024-09-04 17:48:16,669 - cutter_log - INFO - Start:(0, 0),End:(0, 0)
2024-09-04 17:48:16,680 - cutter_log - INFO - Start:(0, 0),End:(0, 0)
2024-09-04 17:48:16,692 - cutter_log - INFO - Start:(0, 0),End:(0, 0)
2024-09-04 17:48:16,703 - cutter_log - INFO - Start:(0, 0),End:(0, 0)
2024-09-04 17:48:16,773 - cutter_log - INFO - Start:(0, 0),End:(0, 0)
2024-09-04 17:48:16,815 - cutter_log - INFO - Start:(0, 0),End:(0, 0)
2024-09-04 17:48:16,829 - cutter_log - INFO - Start:(0, 0),End:(0, 0)
2024-09-04 17:48:16,841 - cutter_log - INFO - Start:(0, 0),End:(0, 0)
2024-09-04 17:48:16,855 - cutter_log - INFO - Start:(0, 0),End:(0, 0)
2024-09-04 17:48:16,922 - cutter_log - INFO - Start:(0, 0),End:(0, 0)
2024-09-04 17:48:16,933 - cutter_log - INFO - Start:(0, 0),End:(0, 0)
2024-09-04 17:48:16,944 - cutter_log - INFO - Start:(0, 0),End:(0, 0)
2024-09-04 17:48:17,054 - cutter_log - INFO - Start:(0, 0),End:(0, 0)
2024-09-04 17:48:17,068 - cutter_log - INFO - Start:(0, 0),End:(0, 0)
2024-09-04 17:48:17,079 - cutter_log - INFO - Start:(0, 0),End:(0, 0)
2024-09-04 17:48:17,081 - cutter_log - INFO - Start:(0, 0),End:(0, 0)
2024-09-04 17:48:17,091 - cutter_log - INFO - Start:(0, 0),End:(0, 0)
2024-09-04 17:48:17,306 - cutter_log - INFO - Start:(1281, 1346),End:(0, 0)
2024-09-04 17:48:17,323 - cutter_log - INFO - Start:(1281, 1346),End:(0, 0)
2024-09-04 17:48:17,390 - cutter_log - INFO - Start:(1281, 1346),End:(0, 0)
2024-09-04 17:48:17,391 - cutter_log - INFO - Start:(1281, 1346),End:(0, 0)
2024-09-04 17:48:17,391 - cutter_log - INFO - Start:(1281, 1346),End:(0, 0)
2024-09-04 17:48:17,393 - cutter_log - INFO - Start:(1281, 1346),End:(0, 0)
2024-09-04 17:48:17,403 - cutter_log - INFO - Start:(1281, 1346),End:(0, 0)
2024-09-04 17:48:17,415 - cutter_log - INFO - Start:(1281, 1346),End:(0, 0)
2024-09-04 17:48:17,416 - cutter_log - INFO - Start:(1281, 1346),End:(0, 0)
2024-09-04 17:48:17,426 - cutter_log - INFO - Start:(1281, 1346),End:(0, 0)
2024-09-04 17:48:17,428 - cutter_log - INFO - Start:(1281, 1346),End:(0, 0)
2024-09-04 17:48:17,438 - cutter_log - INFO - Start:(1281, 1346),End:(0, 0)
2024-09-04 17:48:17,450 - cutter_log - INFO - Start:(1281, 1346),End:(0, 0)
2024-09-04 17:48:17,451 - cutter_log - INFO - Start:(1281, 1346),End:(0, 0)
2024-09-04 17:48:17,461 - cutter_log - INFO - Start:(1281, 1346),End:(0, 0)
2024-09-04 17:48:17,474 - cutter_log - INFO - Start:(1281, 1346),End:(0, 0)
2024-09-04 17:48:17,486 - cutter_log - INFO - Start:(1281, 1346),End:(0, 0)
2024-09-04 17:48:17,487 - cutter_log - INFO - Start:(1281, 1346),End:(0, 0)
2024-09-04 17:48:17,498 - cutter_log - INFO - Start:(1281, 1346),End:(0, 0)
2024-09-04 17:48:17,509 - cutter_log - INFO - Start:(1281, 1346),End:(0, 0)
2024-09-04 17:48:17,510 - cutter_log - INFO - Start:(1281, 1346),End:(0, 0)
2024-09-04 17:48:17,520 - cutter_log - INFO - Start:(1281, 1346),End:(0, 0)
2024-09-04 17:48:17,522 - cutter_log - INFO - Start:(1281, 1346),End:(0, 0)
2024-09-04 17:48:17,535 - cutter_log - INFO - Start:(1281, 1346),End:(0, 0)
2024-09-04 17:48:17,536 - cutter_log - INFO - Start:(1281, 1346),End:(0, 0)
2024-09-04 17:48:17,549 - cutter_log - INFO - Start:(1281, 1346),End:(0, 0)
2024-09-04 17:48:17,550 - cutter_log - INFO - Start:(1281, 1346),End:(0, 0)
2024-09-04 17:48:17,563 - cutter_log - INFO - Start:(1281, 1346),End:(0, 0)
2024-09-04 17:48:17,565 - cutter_log - INFO - Start:(1281, 1346),End:(0, 0)
2024-09-04 17:48:17,577 - cutter_log - INFO - Start:(1281, 1346),End:(0, 0)
2024-09-04 17:48:17,593 - cutter_log - INFO - Start:(1281, 1346),End:(0, 0)
2024-09-04 17:48:17,633 - cutter_log - INFO - Start:(1281, 1346),End:(0, 0)
2024-09-04 17:48:17,644 - cutter_log - INFO - Start:(1281, 1346),End:(0, 0)
2024-09-04 17:48:17,657 - cutter_log - INFO - Start:(1281, 1346),End:(0, 0)
2024-09-04 17:48:17,668 - cutter_log - INFO - Start:(1281, 1346),End:(0, 0)
2024-09-04 17:48:17,679 - cutter_log - INFO - Start:(1281, 1346),End:(0, 0)
2024-09-04 17:48:17,692 - cutter_log - INFO - Start:(1281, 1346),End:(0, 0)
2024-09-04 17:48:17,702 - cutter_log - INFO - Start:(1281, 1346),End:(0, 0)
2024-09-04 17:48:17,705 - cutter_log - INFO - Start:(1281, 1346),End:(0, 0)
2024-09-04 17:48:17,727 - cutter_log - INFO - Start:(1281, 1346),End:(0, 0)
2024-09-04 17:48:17,740 - cutter_log - INFO - Start:(1281, 1346),End:(0, 0)
2024-09-04 17:48:17,755 - cutter_log - INFO - Start:(1281, 1346),End:(0, 0)
2024-09-04 17:48:17,843 - cutter_log - INFO - Start:(1281, 1346),End:(0, 0)
2024-09-04 17:48:17,932 - cutter_log - INFO - Start:(1281, 1346),End:(1458, 1366)
2024-09-04 17:48:24,222 - cutter_log - INFO - Motor,4,0
2024-09-04 17:48:24,468 - cutter_log - INFO - current_meter/aim_meter: 1120.0/3000[1000]
2024-09-04 17:48:24,568 - cutter_log - INFO - Motor,4,0
2024-09-04 17:48:24,885 - cutter_log - INFO - current_meter/aim_meter: 1120.0/3000[1000]
2024-09-04 17:48:24,985 - cutter_log - INFO - Motor,4,0
2024-09-04 17:48:25,308 - cutter_log - INFO - current_meter/aim_meter: 1120.0/3000[1000]
2024-09-04 17:48:25,409 - cutter_log - INFO - Motor,4,0
2024-09-04 17:48:25,633 - cutter_log - INFO - current_meter/aim_meter: 1120.0/3000[1000]
2024-09-04 17:48:25,734 - cutter_log - INFO - Motor,4,0
2024-09-04 17:48:26,034 - cutter_log - INFO - current_meter/aim_meter: 1120.0/3000[1000]
2024-09-04 17:48:26,135 - cutter_log - INFO - Motor,4,0
2024-09-04 17:48:26,443 - cutter_log - INFO - current_meter/aim_meter: 1120.0/3000[1000]
2024-09-04 17:48:26,544 - cutter_log - INFO - Motor,4,0
2024-09-04 17:48:26,850 - cutter_log - INFO - current_meter/aim_meter: 1120.0/3000[1000]
2024-09-04 17:48:26,951 - cutter_log - INFO - Motor,4,0
2024-09-04 17:48:27,260 - cutter_log - INFO - current_meter/aim_meter: 1120.0/3000[1000]
2024-09-04 17:48:27,361 - cutter_log - INFO - Motor,4,0
2024-09-04 17:48:27,669 - cutter_log - INFO - current_meter/aim_meter: 1120.0/3000[1000]
2024-09-04 17:48:27,770 - cutter_log - INFO - Motor,4,0
2024-09-04 17:48:28,078 - cutter_log - INFO - current_meter/aim_meter: 1120.0/3000[1000]
2024-09-04 17:48:28,179 - cutter_log - INFO - Motor,4,0
2024-09-04 17:48:28,485 - cutter_log - INFO - current_meter/aim_meter: 1120.0/3000[1000]
2024-09-04 17:48:28,586 - cutter_log - INFO - Motor,4,0
2024-09-04 17:48:28,894 - cutter_log - INFO - current_meter/aim_meter: 1120.0/3000[1000]
2024-09-04 17:48:28,994 - cutter_log - INFO - Motor,4,0
2024-09-04 17:48:29,300 - cutter_log - INFO - current_meter/aim_meter: 1120.0/3000[1000]
2024-09-04 17:48:29,401 - cutter_log - INFO - Motor,4,0
2024-09-04 17:48:29,709 - cutter_log - INFO - current_meter/aim_meter: 1120.0/3000[1000]
2024-09-04 17:48:29,810 - cutter_log - INFO - Motor,4,0
2024-09-04 17:48:30,119 - cutter_log - INFO - current_meter/aim_meter: 1120.0/3000[1000]
2024-09-04 17:48:30,220 - cutter_log - INFO - Motor,4,0
2024-09-04 17:48:30,531 - cutter_log - INFO - current_meter/aim_meter: 1120.0/3000[1000]
2024-09-04 17:48:30,632 - cutter_log - INFO - Motor,4,0
2024-09-04 17:48:30,942 - cutter_log - INFO - current_meter/aim_meter: 1120.0/3000[1000]
2024-09-04 17:48:31,043 - cutter_log - INFO - Motor,4,0
2024-09-04 17:48:31,354 - cutter_log - INFO - current_meter/aim_meter: 1120.0/3000[1000]
2024-09-04 17:48:31,454 - cutter_log - INFO - Motor,4,0
2024-09-04 17:48:31,761 - cutter_log - INFO - current_meter/aim_meter: 1120.0/3000[1000]
2024-09-04 17:48:31,862 - cutter_log - INFO - Motor,4,0
2024-09-04 17:48:32,168 - cutter_log - INFO - current_meter/aim_meter: 1120.0/3000[1000]
2024-09-04 17:48:32,269 - cutter_log - INFO - Motor,4,0
2024-09-04 17:48:32,582 - cutter_log - INFO - current_meter/aim_meter: 1120.0/3000[1000]
2024-09-04 17:48:32,683 - cutter_log - INFO - Motor,4,0
2024-09-04 17:48:32,992 - cutter_log - INFO - current_meter/aim_meter: 1120.0/3000[1000]
2024-09-04 17:48:33,093 - cutter_log - INFO - Motor,4,0
2024-09-04 17:48:33,404 - cutter_log - INFO - current_meter/aim_meter: 1120.0/3000[1000]
2024-09-04 17:48:33,505 - cutter_log - INFO - Motor,4,0
2024-09-04 17:48:33,831 - cutter_log - INFO - current_meter/aim_meter: 1120.0/3000[1000]
2024-09-04 17:48:33,932 - cutter_log - INFO - Motor,4,0
2024-09-04 17:48:34,240 - cutter_log - INFO - current_meter/aim_meter: 1120.0/3000[1000]
2024-09-04 17:48:34,341 - cutter_log - INFO - Motor,4,0
2024-09-04 17:48:34,649 - cutter_log - INFO - current_meter/aim_meter: 1120.0/3000[1000]
2024-09-04 17:48:34,750 - cutter_log - INFO - Motor,4,0
2024-09-04 17:48:35,062 - cutter_log - INFO - current_meter/aim_meter: 1120.0/3000[1000]
2024-09-04 17:48:35,163 - cutter_log - INFO - Motor,4,0
2024-09-04 17:48:35,471 - cutter_log - INFO - current_meter/aim_meter: 1120.0/3000[1000]
2024-09-04 17:48:35,572 - cutter_log - INFO - Motor,4,0
2024-09-04 17:48:35,782 - cutter_log - INFO - current_meter/aim_meter: 1120.0/3000[1000]
2024-09-04 17:48:35,882 - cutter_log - INFO - Motor,4,0
2024-09-04 17:48:36,200 - cutter_log - INFO - current_meter/aim_meter: 1120.0/3000[1000]
2024-09-04 17:48:36,301 - cutter_log - INFO - Motor,4,0
2024-09-04 17:48:36,609 - cutter_log - INFO - current_meter/aim_meter: 1120.0/3000[1000]
2024-09-04 17:48:36,709 - cutter_log - INFO - Motor,4,0
2024-09-04 17:48:37,019 - cutter_log - INFO - current_meter/aim_meter: 1120.0/3000[1000]
2024-09-04 17:48:37,120 - cutter_log - INFO - Motor,4,0
2024-09-04 17:48:37,427 - cutter_log - INFO - current_meter/aim_meter: 1120.0/3000[1000]
2024-09-04 17:48:37,528 - cutter_log - INFO - Motor,4,0
2024-09-04 17:48:37,840 - cutter_log - INFO - current_meter/aim_meter: 1120.0/3000[1000]
2024-09-04 17:48:37,941 - cutter_log - INFO - Motor,4,0
2024-09-04 17:48:38,252 - cutter_log - INFO - current_meter/aim_meter: 1120.0/3000[1000]
2024-09-04 17:48:38,352 - cutter_log - INFO - Motor,4,0
2024-09-04 17:48:38,668 - cutter_log - INFO - current_meter/aim_meter: 1120.0/3000[1000]
2024-09-04 17:48:38,769 - cutter_log - INFO - Motor,4,0
2024-09-04 17:48:39,079 - cutter_log - INFO - current_meter/aim_meter: 1120.0/3000[1000]
2024-09-04 17:48:39,180 - cutter_log - INFO - Motor,4,0
2024-09-04 17:48:39,491 - cutter_log - INFO - current_meter/aim_meter: 1120.0/3000[1000]
2024-09-04 17:48:39,591 - cutter_log - INFO - Motor,4,0
2024-09-04 17:48:39,903 - cutter_log - INFO - current_meter/aim_meter: 1120.0/3000[1000]
2024-09-04 17:48:40,004 - cutter_log - INFO - Motor,4,0
2024-09-04 17:48:40,315 - cutter_log - INFO - current_meter/aim_meter: 1120.0/3000[1000]
2024-09-04 17:48:40,416 - cutter_log - INFO - Motor,4,0
2024-09-04 17:48:40,739 - cutter_log - INFO - current_meter/aim_meter: 1120.0/3000[1000]
2024-09-04 17:48:40,840 - cutter_log - INFO - Motor,4,0
2024-09-04 17:48:41,161 - cutter_log - INFO - current_meter/aim_meter: 1120.0/3000[1000]
2024-09-04 17:48:41,261 - cutter_log - INFO - Motor,4,0
2024-09-04 17:48:41,568 - cutter_log - INFO - current_meter/aim_meter: 1100.0/3000[1000]
2024-09-04 17:48:41,669 - cutter_log - INFO - Motor,4,0
2024-09-04 17:48:41,995 - cutter_log - INFO - current_meter/aim_meter: 1060.0/3000[1000]
2024-09-04 17:48:42,096 - cutter_log - INFO - Motor,4,0
2024-09-04 17:48:42,420 - cutter_log - INFO - current_meter/aim_meter: 1020.0/3000[1000]
2024-09-04 17:48:42,521 - cutter_log - INFO - Motor,4,0
2024-09-04 17:48:42,828 - cutter_log - INFO - current_meter/aim_meter: 1010.0/3000[1000]
2024-09-04 17:48:42,928 - cutter_log - INFO - Motor,4,0
2024-09-04 17:48:43,239 - cutter_log - INFO - current_meter/aim_meter: 1160.0/3000[1000]
2024-09-04 17:48:43,340 - cutter_log - INFO - Motor,4,0
2024-09-04 17:48:43,650 - cutter_log - INFO - current_meter/aim_meter: 1280.0/3000[1000]
2024-09-04 17:48:43,751 - cutter_log - INFO - Motor,4,0
2024-09-04 17:48:44,057 - cutter_log - INFO - current_meter/aim_meter: 1410.0/3000[1000]
2024-09-04 17:48:44,157 - cutter_log - INFO - Motor,4,0
2024-09-04 17:48:44,481 - cutter_log - INFO - current_meter/aim_meter: 1650.0/3000[1000]
2024-09-04 17:48:44,584 - cutter_log - INFO - Motor,4,0
2024-09-04 17:48:44,891 - cutter_log - INFO - current_meter/aim_meter: 1790.0/3000[1000]
2024-09-04 17:48:44,992 - cutter_log - INFO - Motor,4,0
2024-09-04 17:48:45,302 - cutter_log - INFO - current_meter/aim_meter: 1810.0/3000[1000]
2024-09-04 17:48:45,403 - cutter_log - INFO - Motor,4,0
2024-09-04 17:48:45,708 - cutter_log - INFO - current_meter/aim_meter: 1880.0/3000[1000]
2024-09-04 17:48:45,809 - cutter_log - INFO - Motor,4,0
2024-09-04 17:48:46,115 - cutter_log - INFO - current_meter/aim_meter: 1910.0/3000[1000]
2024-09-04 17:48:46,216 - cutter_log - INFO - Motor,4,0
2024-09-04 17:48:46,524 - cutter_log - INFO - current_meter/aim_meter: 1990.0/3000[1000]
2024-09-04 17:48:46,624 - cutter_log - INFO - Motor,4,0
2024-09-04 17:48:46,937 - cutter_log - INFO - current_meter/aim_meter: 2060.0/3000[1000]
2024-09-04 17:48:46,965 - cutter_log - INFO - Color Regions: 4
2024-09-04 17:48:46,966 - cutter_log - INFO - Dist: -194.9
2024-09-04 17:48:46,966 - cutter_log - INFO - Control Type: Camera Control Current/Aim:2060.0/3000/[1000]
2024-09-04 17:48:47,424 - cutter_log - INFO - current_meter/aim_meter: 2090.0/3000[1000]
2024-09-04 17:48:47,444 - cutter_log - INFO - Color Regions: 3
2024-09-04 17:48:47,445 - cutter_log - INFO - Dist: 0
2024-09-04 17:48:47,445 - cutter_log - INFO - Control Type: Camera Control Current/Aim:2090.0/3000/[1000]
2024-09-04 17:48:47,865 - cutter_log - INFO - current_meter/aim_meter: 2090.0/3000[1000]
2024-09-04 17:48:47,885 - cutter_log - INFO - Color Regions: 3
2024-09-04 17:48:47,886 - cutter_log - INFO - Dist: -195.9
2024-09-04 17:48:47,886 - cutter_log - INFO - Control Type: Camera Control Current/Aim:2090.0/3000/[1000]
2024-09-04 17:48:48,308 - cutter_log - INFO - current_meter/aim_meter: 2090.0/3000[1000]
2024-09-04 17:48:48,328 - cutter_log - INFO - Color Regions: 3
2024-09-04 17:48:48,329 - cutter_log - INFO - Dist: 0
2024-09-04 17:48:48,329 - cutter_log - INFO - Control Type: Camera Control Current/Aim:2090.0/3000/[1000]
2024-09-04 17:48:48,767 - cutter_log - INFO - current_meter/aim_meter: 2090.0/3000[1000]
2024-09-04 17:48:48,787 - cutter_log - INFO - Color Regions: 2
2024-09-04 17:48:48,788 - cutter_log - INFO - Dist: 0
2024-09-04 17:48:48,788 - cutter_log - INFO - Control Type: Camera Control Current/Aim:2090.0/3000/[1000]
2024-09-04 17:48:49,224 - cutter_log - INFO - current_meter/aim_meter: 2090.0/3000[1000]
2024-09-04 17:48:49,245 - cutter_log - INFO - Color Regions: 3
2024-09-04 17:48:49,246 - cutter_log - INFO - Dist: 0
2024-09-04 17:48:49,246 - cutter_log - INFO - Control Type: Camera Control Current/Aim:2090.0/3000/[1000]
2024-09-04 17:48:49,684 - cutter_log - INFO - current_meter/aim_meter: 2090.0/3000[1000]
2024-09-04 17:48:49,705 - cutter_log - INFO - Color Regions: 2
2024-09-04 17:48:49,705 - cutter_log - INFO - Dist: 0
2024-09-04 17:48:49,705 - cutter_log - INFO - Control Type: Camera Control Current/Aim:2090.0/3000/[1000]
2024-09-04 17:48:50,137 - cutter_log - INFO - current_meter/aim_meter: 2090.0/3000[1000]
2024-09-04 17:48:50,159 - cutter_log - INFO - Color Regions: 2
2024-09-04 17:48:50,160 - cutter_log - INFO - Dist: 0
2024-09-04 17:48:50,160 - cutter_log - INFO - Control Type: Camera Control Current/Aim:2090.0/3000/[1000]
2024-09-04 17:48:50,596 - cutter_log - INFO - current_meter/aim_meter: 2090.0/3000[1000]
2024-09-04 17:48:50,618 - cutter_log - INFO - Color Regions: 3
2024-09-04 17:48:50,618 - cutter_log - INFO - Dist: 0
2024-09-04 17:48:50,619 - cutter_log - INFO - Control Type: Camera Control Current/Aim:2090.0/3000/[1000]
2024-09-04 17:48:51,072 - cutter_log - INFO - current_meter/aim_meter: 2090.0/3000[1000]
2024-09-04 17:48:51,093 - cutter_log - INFO - Color Regions: 4
2024-09-04 17:48:51,094 - cutter_log - INFO - Dist: -194.9
2024-09-04 17:48:51,094 - cutter_log - INFO - Control Type: Camera Control Current/Aim:2090.0/3000/[1000]
2024-09-04 17:48:51,517 - cutter_log - INFO - current_meter/aim_meter: 2090.0/3000[1000]
2024-09-04 17:48:51,538 - cutter_log - INFO - Color Regions: 2
2024-09-04 17:48:51,538 - cutter_log - INFO - Dist: 0
2024-09-04 17:48:51,538 - cutter_log - INFO - Control Type: Camera Control Current/Aim:2090.0/3000/[1000]
2024-09-04 17:48:51,972 - cutter_log - INFO - current_meter/aim_meter: 2090.0/3000[1000]
2024-09-04 17:48:51,993 - cutter_log - INFO - Color Regions: 2
2024-09-04 17:48:51,993 - cutter_log - INFO - Dist: 0
2024-09-04 17:48:51,993 - cutter_log - INFO - Control Type: Camera Control Current/Aim:2090.0/3000/[1000]
2024-09-04 17:48:52,428 - cutter_log - INFO - current_meter/aim_meter: 2090.0/3000[1000]
2024-09-04 17:48:52,448 - cutter_log - INFO - Color Regions: 2
2024-09-04 17:48:52,449 - cutter_log - INFO - Dist: 0
2024-09-04 17:48:52,449 - cutter_log - INFO - Control Type: Camera Control Current/Aim:2090.0/3000/[1000]
2024-09-04 17:48:52,888 - cutter_log - INFO - current_meter/aim_meter: 2090.0/3000[1000]
2024-09-04 17:48:52,908 - cutter_log - INFO - Color Regions: 3
2024-09-04 17:48:52,909 - cutter_log - INFO - Dist: -177.0
2024-09-04 17:48:52,909 - cutter_log - INFO - Control Type: Camera Control Current/Aim:2090.0/3000/[1000]
2024-09-04 17:48:53,346 - cutter_log - INFO - current_meter/aim_meter: 2090.0/3000[1000]
2024-09-04 17:48:53,366 - cutter_log - INFO - Color Regions: 2
2024-09-04 17:48:53,367 - cutter_log - INFO - Dist: 0
2024-09-04 17:48:53,367 - cutter_log - INFO - Control Type: Camera Control Current/Aim:2090.0/3000/[1000]
2024-09-04 17:48:53,799 - cutter_log - INFO - current_meter/aim_meter: 2090.0/3000[1000]
2024-09-04 17:48:53,819 - cutter_log - INFO - Color Regions: 3
2024-09-04 17:48:53,820 - cutter_log - INFO - Dist: -156.5
2024-09-04 17:48:53,820 - cutter_log - INFO - Control Type: Camera Control Current/Aim:2090.0/3000/[1000]
2024-09-04 17:48:54,256 - cutter_log - INFO - current_meter/aim_meter: 2090.0/3000[1000]
2024-09-04 17:48:54,276 - cutter_log - INFO - Color Regions: 1
2024-09-04 17:48:54,277 - cutter_log - INFO - Dist: 0
2024-09-04 17:48:54,277 - cutter_log - INFO - Control Type: Camera Control Current/Aim:2090.0/3000/[1000]
2024-09-04 17:48:54,714 - cutter_log - INFO - current_meter/aim_meter: 2090.0/3000[1000]
2024-09-04 17:48:54,734 - cutter_log - INFO - Color Regions: 1
2024-09-04 17:48:54,735 - cutter_log - INFO - Dist: 0
2024-09-04 17:48:54,735 - cutter_log - INFO - Control Type: Camera Control Current/Aim:2090.0/3000/[1000]
2024-09-04 17:48:55,154 - cutter_log - INFO - current_meter/aim_meter: 2090.0/3000[1000]
2024-09-04 17:48:55,176 - cutter_log - INFO - Color Regions: 2
2024-09-04 17:48:55,177 - cutter_log - INFO - Dist: 0
2024-09-04 17:48:55,177 - cutter_log - INFO - Control Type: Camera Control Current/Aim:2090.0/3000/[1000]
2024-09-04 17:48:55,514 - cutter_log - INFO - current_meter/aim_meter: 2090.0/3000[1000]
2024-09-04 17:48:55,535 - cutter_log - INFO - Color Regions: 1
2024-09-04 17:48:55,536 - cutter_log - INFO - Dist: 0
2024-09-04 17:48:55,536 - cutter_log - INFO - Control Type: Camera Control Current/Aim:2090.0/3000/[1000]
2024-09-04 17:48:55,978 - cutter_log - INFO - current_meter/aim_meter: 2090.0/3000[1000]
2024-09-04 17:48:55,999 - cutter_log - INFO - Color Regions: 1
2024-09-04 17:48:56,000 - cutter_log - INFO - Dist: 0
2024-09-04 17:48:56,000 - cutter_log - INFO - Control Type: Camera Control Current/Aim:2090.0/3000/[1000]
2024-09-04 17:48:56,436 - cutter_log - INFO - current_meter/aim_meter: 2090.0/3000[1000]
2024-09-04 17:48:56,456 - cutter_log - INFO - Color Regions: 2
2024-09-04 17:48:56,457 - cutter_log - INFO - Dist: 0
2024-09-04 17:48:56,457 - cutter_log - INFO - Control Type: Camera Control Current/Aim:2090.0/3000/[1000]
2024-09-04 17:48:56,895 - cutter_log - INFO - current_meter/aim_meter: 2090.0/3000[1000]
2024-09-04 17:48:56,915 - cutter_log - INFO - Color Regions: 3
2024-09-04 17:48:56,916 - cutter_log - INFO - Dist: -131.2
2024-09-04 17:48:56,916 - cutter_log - INFO - Control Type: Camera Control Current/Aim:2090.0/3000/[1000]
2024-09-04 17:48:57,353 - cutter_log - INFO - current_meter/aim_meter: 2090.0/3000[1000]
2024-09-04 17:48:57,374 - cutter_log - INFO - Color Regions: 1
2024-09-04 17:48:57,375 - cutter_log - INFO - Dist: 0
2024-09-04 17:48:57,375 - cutter_log - INFO - Control Type: Camera Control Current/Aim:2090.0/3000/[1000]
2024-09-04 17:48:57,812 - cutter_log - INFO - current_meter/aim_meter: 2090.0/3000[1000]
2024-09-04 17:48:57,833 - cutter_log - INFO - Color Regions: 1
2024-09-04 17:48:57,834 - cutter_log - INFO - Dist: 0
2024-09-04 17:48:57,834 - cutter_log - INFO - Control Type: Camera Control Current/Aim:2090.0/3000/[1000]
2024-09-04 17:48:58,269 - cutter_log - INFO - current_meter/aim_meter: 2090.0/3000[1000]
2024-09-04 17:48:58,290 - cutter_log - INFO - Color Regions: 1
2024-09-04 17:48:58,291 - cutter_log - INFO - Dist: 0
2024-09-04 17:48:58,291 - cutter_log - INFO - Control Type: Camera Control Current/Aim:2090.0/3000/[1000]
2024-09-04 17:48:58,726 - cutter_log - INFO - current_meter/aim_meter: 2090.0/3000[1000]
2024-09-04 17:48:58,745 - cutter_log - INFO - Color Regions: 1
2024-09-04 17:48:58,746 - cutter_log - INFO - Dist: 0
2024-09-04 17:48:58,746 - cutter_log - INFO - Control Type: Camera Control Current/Aim:2090.0/3000/[1000]
2024-09-04 17:48:59,184 - cutter_log - INFO - current_meter/aim_meter: 2090.0/3000[1000]
2024-09-04 17:48:59,205 - cutter_log - INFO - Color Regions: 1
2024-09-04 17:48:59,206 - cutter_log - INFO - Dist: 0
2024-09-04 17:48:59,206 - cutter_log - INFO - Control Type: Camera Control Current/Aim:2090.0/3000/[1000]
2024-09-04 17:48:59,641 - cutter_log - INFO - current_meter/aim_meter: 2090.0/3000[1000]
2024-09-04 17:48:59,661 - cutter_log - INFO - Color Regions: 0
2024-09-04 17:48:59,662 - cutter_log - INFO - Dist: 0
2024-09-04 17:48:59,662 - cutter_log - INFO - Control Type: Camera Control Current/Aim:2090.0/3000/[1000]
2024-09-04 17:49:00,097 - cutter_log - INFO - current_meter/aim_meter: 2090.0/3000[1000]
2024-09-04 17:49:00,117 - cutter_log - INFO - Color Regions: 2
2024-09-04 17:49:00,117 - cutter_log - INFO - Dist: 0
2024-09-04 17:49:00,118 - cutter_log - INFO - Control Type: Camera Control Current/Aim:2090.0/3000/[1000]
2024-09-04 17:49:00,549 - cutter_log - INFO - current_meter/aim_meter: 2090.0/3000[1000]
2024-09-04 17:49:00,569 - cutter_log - INFO - Color Regions: 2
2024-09-04 17:49:00,570 - cutter_log - INFO - Dist: 0
2024-09-04 17:49:00,570 - cutter_log - INFO - Control Type: Camera Control Current/Aim:2090.0/3000/[1000]
2024-09-04 17:49:01,005 - cutter_log - INFO - current_meter/aim_meter: 2090.0/3000[1000]
2024-09-04 17:49:01,025 - cutter_log - INFO - Color Regions: 1
2024-09-04 17:49:01,026 - cutter_log - INFO - Dist: 0
2024-09-04 17:49:01,026 - cutter_log - INFO - Control Type: Camera Control Current/Aim:2090.0/3000/[1000]
2024-09-04 17:49:01,463 - cutter_log - INFO - current_meter/aim_meter: 2090.0/3000[1000]
2024-09-04 17:49:01,484 - cutter_log - INFO - Color Regions: 2
2024-09-04 17:49:01,484 - cutter_log - INFO - Dist: 0
2024-09-04 17:49:01,484 - cutter_log - INFO - Control Type: Camera Control Current/Aim:2090.0/3000/[1000]
2024-09-04 17:49:01,822 - cutter_log - INFO - current_meter/aim_meter: 2090.0/3000[1000]
2024-09-04 17:49:01,842 - cutter_log - INFO - Color Regions: 1
2024-09-04 17:49:01,843 - cutter_log - INFO - Dist: 0
2024-09-04 17:49:01,843 - cutter_log - INFO - Control Type: Camera Control Current/Aim:2090.0/3000/[1000]
2024-09-04 17:49:02,283 - cutter_log - INFO - current_meter/aim_meter: 2090.0/3000[1000]
2024-09-04 17:49:02,302 - cutter_log - INFO - Color Regions: 1
2024-09-04 17:49:02,304 - cutter_log - INFO - Dist: 0
2024-09-04 17:49:02,304 - cutter_log - INFO - Control Type: Camera Control Current/Aim:2090.0/3000/[1000]
2024-09-04 17:49:02,748 - cutter_log - INFO - current_meter/aim_meter: 2090.0/3000[1000]
2024-09-04 17:49:02,768 - cutter_log - INFO - Color Regions: 1
2024-09-04 17:49:02,768 - cutter_log - INFO - Dist: 0
2024-09-04 17:49:02,769 - cutter_log - INFO - Control Type: Camera Control Current/Aim:2090.0/3000/[1000]
2024-09-04 17:49:03,207 - cutter_log - INFO - current_meter/aim_meter: 2090.0/3000[1000]
2024-09-04 17:49:03,228 - cutter_log - INFO - Color Regions: 1
2024-09-04 17:49:03,229 - cutter_log - INFO - Dist: 0
2024-09-04 17:49:03,229 - cutter_log - INFO - Control Type: Camera Control Current/Aim:2090.0/3000/[1000]
2024-09-04 17:49:03,676 - cutter_log - INFO - current_meter/aim_meter: 2090.0/3000[1000]
2024-09-04 17:49:03,696 - cutter_log - INFO - Color Regions: 1
2024-09-04 17:49:03,697 - cutter_log - INFO - Dist: 0
2024-09-04 17:49:03,697 - cutter_log - INFO - Control Type: Camera Control Current/Aim:2090.0/3000/[1000]
2024-09-04 17:49:04,133 - cutter_log - INFO - current_meter/aim_meter: 2090.0/3000[1000]
2024-09-04 17:49:04,154 - cutter_log - INFO - Color Regions: 1
2024-09-04 17:49:04,155 - cutter_log - INFO - Dist: 0
2024-09-04 17:49:04,155 - cutter_log - INFO - Control Type: Camera Control Current/Aim:2090.0/3000/[1000]
2024-09-04 17:49:04,589 - cutter_log - INFO - current_meter/aim_meter: 2090.0/3000[1000]
2024-09-04 17:49:04,610 - cutter_log - INFO - Color Regions: 1
2024-09-04 17:49:04,611 - cutter_log - INFO - Dist: 0
2024-09-04 17:49:04,611 - cutter_log - INFO - Control Type: Camera Control Current/Aim:2090.0/3000/[1000]
2024-09-04 17:49:04,946 - cutter_log - INFO - current_meter/aim_meter: 2090.0/3000[1000]
2024-09-04 17:49:04,967 - cutter_log - INFO - Color Regions: 1
2024-09-04 17:49:04,968 - cutter_log - INFO - Dist: 0
2024-09-04 17:49:04,968 - cutter_log - INFO - Control Type: Camera Control Current/Aim:2090.0/3000/[1000]
2024-09-04 17:49:05,397 - cutter_log - INFO - current_meter/aim_meter: 2090.0/3000[1000]
2024-09-04 17:49:05,418 - cutter_log - INFO - Color Regions: 1
2024-09-04 17:49:05,419 - cutter_log - INFO - Dist: 0
2024-09-04 17:49:05,419 - cutter_log - INFO - Control Type: Camera Control Current/Aim:2090.0/3000/[1000]
2024-09-04 17:49:05,853 - cutter_log - INFO - current_meter/aim_meter: 2090.0/3000[1000]
2024-09-04 17:49:05,873 - cutter_log - INFO - Color Regions: 1
2024-09-04 17:49:05,874 - cutter_log - INFO - Dist: 0
2024-09-04 17:49:05,874 - cutter_log - INFO - Control Type: Camera Control Current/Aim:2090.0/3000/[1000]
2024-09-04 17:49:06,310 - cutter_log - INFO - current_meter/aim_meter: 2090.0/3000[1000]
2024-09-04 17:49:06,331 - cutter_log - INFO - Color Regions: 1
2024-09-04 17:49:06,332 - cutter_log - INFO - Dist: 0
2024-09-04 17:49:06,332 - cutter_log - INFO - Control Type: Camera Control Current/Aim:2090.0/3000/[1000]
2024-09-04 17:49:06,763 - cutter_log - INFO - current_meter/aim_meter: 2090.0/3000[1000]
2024-09-04 17:49:06,783 - cutter_log - INFO - Color Regions: 1
2024-09-04 17:49:06,784 - cutter_log - INFO - Dist: 0
2024-09-04 17:49:06,784 - cutter_log - INFO - Control Type: Camera Control Current/Aim:2090.0/3000/[1000]
2024-09-04 17:49:07,205 - cutter_log - INFO - current_meter/aim_meter: 2090.0/3000[1000]
2024-09-04 17:49:07,227 - cutter_log - INFO - Color Regions: 1
2024-09-04 17:49:07,228 - cutter_log - INFO - Dist: 0
2024-09-04 17:49:07,228 - cutter_log - INFO - Control Type: Camera Control Current/Aim:2090.0/3000/[1000]
2024-09-04 17:49:07,662 - cutter_log - INFO - current_meter/aim_meter: 2090.0/3000[1000]
2024-09-04 17:49:07,682 - cutter_log - INFO - Color Regions: 1
2024-09-04 17:49:07,683 - cutter_log - INFO - Dist: 0
2024-09-04 17:49:07,683 - cutter_log - INFO - Control Type: Camera Control Current/Aim:2090.0/3000/[1000]
2024-09-04 17:49:08,117 - cutter_log - INFO - current_meter/aim_meter: 2090.0/3000[1000]
2024-09-04 17:49:08,138 - cutter_log - INFO - Color Regions: 1
2024-09-04 17:49:08,139 - cutter_log - INFO - Dist: 0
2024-09-04 17:49:08,139 - cutter_log - INFO - Control Type: Camera Control Current/Aim:2090.0/3000/[1000]
2024-09-04 17:49:08,560 - cutter_log - INFO - current_meter/aim_meter: 2090.0/3000[1000]
2024-09-04 17:49:08,580 - cutter_log - INFO - Color Regions: 1
2024-09-04 17:49:08,581 - cutter_log - INFO - Dist: 0
2024-09-04 17:49:08,581 - cutter_log - INFO - Control Type: Camera Control Current/Aim:2090.0/3000/[1000]
2024-09-04 17:49:09,032 - cutter_log - INFO - current_meter/aim_meter: 2090.0/3000[1000]
2024-09-04 17:49:09,053 - cutter_log - INFO - Color Regions: 1
2024-09-04 17:49:09,054 - cutter_log - INFO - Dist: 0
2024-09-04 17:49:09,054 - cutter_log - INFO - Control Type: Camera Control Current/Aim:2090.0/3000/[1000]
