2024-09-13 13:48:18,541 - cutter_log - INFO - current_meter/aim_meter: 2920.0/3000[1000]
2024-09-13 13:48:26,266 - cutter_log - INFO - Start:(0, 949),End:(2448, 1010)
2024-09-13 13:48:32,473 - cutter_log - INFO - Color Regions: 2
2024-09-13 13:48:32,474 - cutter_log - INFO - Dist: 110.5
2024-09-13 13:48:32,474 - cutter_log - INFO - Control Type: Camera Control Current/Aim:2920.0/3000/[1000]
2024-09-13 13:48:32,916 - cutter_log - INFO - current_meter/aim_meter: 2920.0/3000[1000]
2024-09-13 13:48:32,938 - cutter_log - INFO - Color Regions: 0
2024-09-13 13:48:32,939 - cutter_log - INFO - Dist: 0
2024-09-13 13:48:32,940 - cutter_log - INFO - Control Type: Camera Control Current/Aim:2920.0/3000/[1000]
2024-09-13 13:48:33,373 - cutter_log - INFO - current_meter/aim_meter: 2920.0/3000[1000]
2024-09-13 13:48:33,396 - cutter_log - INFO - Color Regions: 1
2024-09-13 13:48:33,397 - cutter_log - INFO - Dist: 0
2024-09-13 13:48:33,397 - cutter_log - INFO - Control Type: Camera Control Current/Aim:2920.0/3000/[1000]
2024-09-13 13:48:33,829 - cutter_log - INFO - current_meter/aim_meter: 2920.0/3000[1000]
2024-09-13 13:48:33,850 - cutter_log - INFO - Color Regions: 1
2024-09-13 13:48:33,851 - cutter_log - INFO - Dist: 0
2024-09-13 13:48:33,851 - cutter_log - INFO - Control Type: Camera Control Current/Aim:2920.0/3000/[1000]
2024-09-13 13:48:34,283 - cutter_log - INFO - current_meter/aim_meter: 2920.0/3000[1000]
2024-09-13 13:48:34,304 - cutter_log - INFO - Color Regions: 0
2024-09-13 13:48:34,304 - cutter_log - INFO - Dist: 0
2024-09-13 13:48:34,304 - cutter_log - INFO - Control Type: Camera Control Current/Aim:2920.0/3000/[1000]
2024-09-13 13:48:34,742 - cutter_log - INFO - current_meter/aim_meter: 2920.0/3000[1000]
2024-09-13 13:48:34,764 - cutter_log - INFO - Color Regions: 1
2024-09-13 13:48:34,764 - cutter_log - INFO - Dist: 0
2024-09-13 13:48:34,764 - cutter_log - INFO - Control Type: Camera Control Current/Aim:2920.0/3000/[1000]
2024-09-13 13:48:35,196 - cutter_log - INFO - current_meter/aim_meter: 2920.0/3000[1000]
2024-09-13 13:48:35,218 - cutter_log - INFO - Color Regions: 1
2024-09-13 13:48:35,219 - cutter_log - INFO - Dist: 0
2024-09-13 13:48:35,219 - cutter_log - INFO - Control Type: Camera Control Current/Aim:2920.0/3000/[1000]
2024-09-13 13:48:35,655 - cutter_log - INFO - current_meter/aim_meter: 2920.0/3000[1000]
2024-09-13 13:48:35,676 - cutter_log - INFO - Color Regions: 0
2024-09-13 13:48:35,677 - cutter_log - INFO - Dist: 0
2024-09-13 13:48:35,677 - cutter_log - INFO - Control Type: Camera Control Current/Aim:2920.0/3000/[1000]
2024-09-13 13:48:36,111 - cutter_log - INFO - current_meter/aim_meter: 2920.0/3000[1000]
2024-09-13 13:48:36,132 - cutter_log - INFO - Color Regions: 0
2024-09-13 13:48:36,133 - cutter_log - INFO - Dist: 0
2024-09-13 13:48:36,133 - cutter_log - INFO - Control Type: Camera Control Current/Aim:2920.0/3000/[1000]
2024-09-13 13:48:36,580 - cutter_log - INFO - current_meter/aim_meter: 2920.0/3000[1000]
2024-09-13 13:48:36,600 - cutter_log - INFO - Color Regions: 1
2024-09-13 13:48:36,601 - cutter_log - INFO - Dist: 0
2024-09-13 13:48:36,601 - cutter_log - INFO - Control Type: Camera Control Current/Aim:2920.0/3000/[1000]
2024-09-13 13:48:37,033 - cutter_log - INFO - current_meter/aim_meter: 2920.0/3000[1000]
2024-09-13 13:48:37,054 - cutter_log - INFO - Color Regions: 2
2024-09-13 13:48:37,054 - cutter_log - INFO - Dist: 115.7
2024-09-13 13:48:37,054 - cutter_log - INFO - Control Type: Camera Control Current/Aim:2920.0/3000/[1000]
2024-09-13 13:48:37,492 - cutter_log - INFO - current_meter/aim_meter: 2920.0/3000[1000]
2024-09-13 13:48:37,513 - cutter_log - INFO - Color Regions: 0
2024-09-13 13:48:37,514 - cutter_log - INFO - Dist: 0
2024-09-13 13:48:37,514 - cutter_log - INFO - Control Type: Camera Control Current/Aim:2920.0/3000/[1000]
2024-09-13 13:48:37,946 - cutter_log - INFO - current_meter/aim_meter: 2920.0/3000[1000]
2024-09-13 13:48:37,966 - cutter_log - INFO - Color Regions: 0
2024-09-13 13:48:37,967 - cutter_log - INFO - Dist: 0
2024-09-13 13:48:37,967 - cutter_log - INFO - Control Type: Camera Control Current/Aim:2920.0/3000/[1000]
2024-09-13 13:48:38,302 - cutter_log - INFO - current_meter/aim_meter: 2920.0/3000[1000]
2024-09-13 13:48:38,323 - cutter_log - INFO - Color Regions: 0
2024-09-13 13:48:38,324 - cutter_log - INFO - Dist: 0
2024-09-13 13:48:38,324 - cutter_log - INFO - Control Type: Camera Control Current/Aim:2920.0/3000/[1000]
2024-09-13 13:48:38,766 - cutter_log - INFO - current_meter/aim_meter: 2920.0/3000[1000]
2024-09-13 13:48:38,787 - cutter_log - INFO - Color Regions: 0
2024-09-13 13:48:38,788 - cutter_log - INFO - Dist: 0
2024-09-13 13:48:38,788 - cutter_log - INFO - Control Type: Camera Control Current/Aim:2920.0/3000/[1000]
2024-09-13 13:48:39,223 - cutter_log - INFO - current_meter/aim_meter: 2920.0/3000[1000]
2024-09-13 13:48:39,244 - cutter_log - INFO - Color Regions: 1
2024-09-13 13:48:39,245 - cutter_log - INFO - Dist: 0
2024-09-13 13:48:39,245 - cutter_log - INFO - Control Type: Camera Control Current/Aim:2920.0/3000/[1000]
2024-09-13 13:48:39,664 - cutter_log - INFO - current_meter/aim_meter: 2920.0/3000[1000]
2024-09-13 13:48:39,685 - cutter_log - INFO - Color Regions: 1
2024-09-13 13:48:39,686 - cutter_log - INFO - Dist: 0
2024-09-13 13:48:39,686 - cutter_log - INFO - Control Type: Camera Control Current/Aim:2920.0/3000/[1000]
2024-09-13 13:48:40,120 - cutter_log - INFO - current_meter/aim_meter: 2920.0/3000[1000]
2024-09-13 13:48:40,140 - cutter_log - INFO - Color Regions: 0
2024-09-13 13:48:40,141 - cutter_log - INFO - Dist: 0
2024-09-13 13:48:40,141 - cutter_log - INFO - Control Type: Camera Control Current/Aim:2920.0/3000/[1000]
2024-09-13 13:48:40,575 - cutter_log - INFO - current_meter/aim_meter: 2920.0/3000[1000]
2024-09-13 13:48:40,596 - cutter_log - INFO - Color Regions: 1
2024-09-13 13:48:40,596 - cutter_log - INFO - Dist: 0
2024-09-13 13:48:40,596 - cutter_log - INFO - Control Type: Camera Control Current/Aim:2920.0/3000/[1000]
2024-09-13 13:48:41,033 - cutter_log - INFO - current_meter/aim_meter: 2920.0/3000[1000]
2024-09-13 13:48:41,057 - cutter_log - INFO - Color Regions: 0
2024-09-13 13:48:41,058 - cutter_log - INFO - Dist: 0
2024-09-13 13:48:41,058 - cutter_log - INFO - Control Type: Camera Control Current/Aim:2920.0/3000/[1000]
2024-09-13 13:48:41,489 - cutter_log - INFO - current_meter/aim_meter: 2920.0/3000[1000]
2024-09-13 13:48:41,512 - cutter_log - INFO - Color Regions: 1
2024-09-13 13:48:41,513 - cutter_log - INFO - Dist: 0
2024-09-13 13:48:41,513 - cutter_log - INFO - Control Type: Camera Control Current/Aim:2920.0/3000/[1000]
2024-09-13 13:48:41,950 - cutter_log - INFO - current_meter/aim_meter: 2920.0/3000[1000]
2024-09-13 13:48:41,973 - cutter_log - INFO - Color Regions: 0
2024-09-13 13:48:41,974 - cutter_log - INFO - Dist: 0
2024-09-13 13:48:41,974 - cutter_log - INFO - Control Type: Camera Control Current/Aim:2920.0/3000/[1000]
2024-09-13 13:48:42,404 - cutter_log - INFO - current_meter/aim_meter: 2920.0/3000[1000]
2024-09-13 13:48:42,425 - cutter_log - INFO - Color Regions: 0
2024-09-13 13:48:42,426 - cutter_log - INFO - Dist: 0
2024-09-13 13:48:42,426 - cutter_log - INFO - Control Type: Camera Control Current/Aim:2920.0/3000/[1000]
2024-09-13 13:48:42,847 - cutter_log - INFO - current_meter/aim_meter: 2920.0/3000[1000]
2024-09-13 13:48:42,870 - cutter_log - INFO - Color Regions: 0
2024-09-13 13:48:42,870 - cutter_log - INFO - Dist: 0
2024-09-13 13:48:42,870 - cutter_log - INFO - Control Type: Camera Control Current/Aim:2920.0/3000/[1000]
2024-09-13 13:48:43,711 - cutter_log - INFO - current_meter/aim_meter: 2920.0/3000[1000]
2024-09-13 13:48:43,732 - cutter_log - INFO - Color Regions: 0
2024-09-13 13:48:43,733 - cutter_log - INFO - Dist: 0
2024-09-13 13:48:43,733 - cutter_log - INFO - Control Type: Camera Control Current/Aim:2920.0/3000/[1000]
2024-09-13 13:48:44,151 - cutter_log - INFO - current_meter/aim_meter: 2920.0/3000[1000]
2024-09-13 13:48:44,173 - cutter_log - INFO - Color Regions: 0
2024-09-13 13:48:44,174 - cutter_log - INFO - Dist: 0
2024-09-13 13:48:44,174 - cutter_log - INFO - Control Type: Camera Control Current/Aim:2920.0/3000/[1000]
2024-09-13 13:48:44,605 - cutter_log - INFO - current_meter/aim_meter: 2920.0/3000[1000]
2024-09-13 13:48:44,627 - cutter_log - INFO - Color Regions: 1
2024-09-13 13:48:44,627 - cutter_log - INFO - Dist: 0
2024-09-13 13:48:44,627 - cutter_log - INFO - Control Type: Camera Control Current/Aim:2920.0/3000/[1000]
2024-09-13 13:48:44,944 - cutter_log - INFO - current_meter/aim_meter: 2920.0/3000[1000]
2024-09-13 13:48:44,966 - cutter_log - INFO - Color Regions: 0
2024-09-13 13:48:44,967 - cutter_log - INFO - Dist: 0
2024-09-13 13:48:44,967 - cutter_log - INFO - Control Type: Camera Control Current/Aim:2920.0/3000/[1000]
2024-09-13 13:48:45,406 - cutter_log - INFO - current_meter/aim_meter: 2920.0/3000[1000]
2024-09-13 13:48:45,428 - cutter_log - INFO - Color Regions: 0
2024-09-13 13:48:45,429 - cutter_log - INFO - Dist: 0
2024-09-13 13:48:45,429 - cutter_log - INFO - Control Type: Camera Control Current/Aim:2920.0/3000/[1000]
2024-09-13 13:48:45,844 - cutter_log - INFO - current_meter/aim_meter: 2920.0/3000[1000]
2024-09-13 13:48:45,865 - cutter_log - INFO - Color Regions: 1
2024-09-13 13:48:45,866 - cutter_log - INFO - Dist: 0
2024-09-13 13:48:45,866 - cutter_log - INFO - Control Type: Camera Control Current/Aim:2920.0/3000/[1000]
2024-09-13 13:48:46,284 - cutter_log - INFO - current_meter/aim_meter: 2920.0/3000[1000]
2024-09-13 13:48:46,306 - cutter_log - INFO - Color Regions: 1
2024-09-13 13:48:46,306 - cutter_log - INFO - Dist: 0
2024-09-13 13:48:46,306 - cutter_log - INFO - Control Type: Camera Control Current/Aim:2920.0/3000/[1000]
2024-09-13 13:48:46,739 - cutter_log - INFO - current_meter/aim_meter: 2920.0/3000[1000]
2024-09-13 13:48:46,761 - cutter_log - INFO - Color Regions: 1
2024-09-13 13:48:46,762 - cutter_log - INFO - Dist: 0
2024-09-13 13:48:46,762 - cutter_log - INFO - Control Type: Camera Control Current/Aim:2920.0/3000/[1000]
2024-09-13 13:48:48,738 - cutter_log - INFO - current_meter/aim_meter: 2920.0/3000[1000]
2024-09-13 13:48:48,757 - cutter_log - INFO - Color Regions: 0
2024-09-13 13:48:48,758 - cutter_log - INFO - Dist: 0
2024-09-13 13:48:48,758 - cutter_log - INFO - Control Type: Camera Control Current/Aim:2920.0/3000/[1000]
2024-09-13 13:48:49,177 - cutter_log - INFO - current_meter/aim_meter: 2920.0/3000[1000]
2024-09-13 13:48:49,200 - cutter_log - INFO - Color Regions: 0
2024-09-13 13:48:49,201 - cutter_log - INFO - Dist: 0
2024-09-13 13:48:49,201 - cutter_log - INFO - Control Type: Camera Control Current/Aim:2920.0/3000/[1000]
2024-09-13 13:48:49,536 - cutter_log - INFO - current_meter/aim_meter: 2920.0/3000[1000]
2024-09-13 13:48:49,558 - cutter_log - INFO - Color Regions: 0
2024-09-13 13:48:49,559 - cutter_log - INFO - Dist: 0
2024-09-13 13:48:49,559 - cutter_log - INFO - Control Type: Camera Control Current/Aim:2920.0/3000/[1000]
2024-09-13 13:48:49,982 - cutter_log - INFO - current_meter/aim_meter: 2920.0/3000[1000]
2024-09-13 13:48:50,005 - cutter_log - INFO - Color Regions: 0
2024-09-13 13:48:50,006 - cutter_log - INFO - Dist: 0
2024-09-13 13:48:50,006 - cutter_log - INFO - Control Type: Camera Control Current/Aim:2920.0/3000/[1000]
2024-09-13 13:48:50,438 - cutter_log - INFO - current_meter/aim_meter: 2920.0/3000[1000]
2024-09-13 13:48:50,460 - cutter_log - INFO - Color Regions: 1
2024-09-13 13:48:50,461 - cutter_log - INFO - Dist: 0
2024-09-13 13:48:50,461 - cutter_log - INFO - Control Type: Camera Control Current/Aim:2920.0/3000/[1000]
2024-09-13 13:48:50,894 - cutter_log - INFO - current_meter/aim_meter: 2920.0/3000[1000]
2024-09-13 13:48:50,915 - cutter_log - INFO - Color Regions: 2
2024-09-13 13:48:50,916 - cutter_log - INFO - Dist: 120.8
2024-09-13 13:48:50,916 - cutter_log - INFO - Control Type: Camera Control Current/Aim:2920.0/3000/[1000]
2024-09-13 13:48:51,343 - cutter_log - INFO - current_meter/aim_meter: 2920.0/3000[1000]
2024-09-13 13:48:51,365 - cutter_log - INFO - Color Regions: 0
2024-09-13 13:48:51,365 - cutter_log - INFO - Dist: 0
2024-09-13 13:48:51,366 - cutter_log - INFO - Control Type: Camera Control Current/Aim:2920.0/3000/[1000]
2024-09-13 13:48:51,697 - cutter_log - INFO - current_meter/aim_meter: 2920.0/3000[1000]
2024-09-13 13:48:51,719 - cutter_log - INFO - Color Regions: 0
2024-09-13 13:48:51,720 - cutter_log - INFO - Dist: 0
2024-09-13 13:48:51,720 - cutter_log - INFO - Control Type: Camera Control Current/Aim:2920.0/3000/[1000]
2024-09-13 13:48:52,144 - cutter_log - INFO - current_meter/aim_meter: 2920.0/3000[1000]
2024-09-13 13:48:52,165 - cutter_log - INFO - Color Regions: 0
2024-09-13 13:48:52,165 - cutter_log - INFO - Dist: 0
2024-09-13 13:48:52,166 - cutter_log - INFO - Control Type: Camera Control Current/Aim:2920.0/3000/[1000]
2024-09-13 13:48:52,588 - cutter_log - INFO - current_meter/aim_meter: 2920.0/3000[1000]
2024-09-13 13:48:52,610 - cutter_log - INFO - Color Regions: 0
2024-09-13 13:48:52,611 - cutter_log - INFO - Dist: 0
2024-09-13 13:48:52,611 - cutter_log - INFO - Control Type: Camera Control Current/Aim:2920.0/3000/[1000]
2024-09-13 13:48:53,044 - cutter_log - INFO - current_meter/aim_meter: 2920.0/3000[1000]
2024-09-13 13:48:53,065 - cutter_log - INFO - Color Regions: 1
2024-09-13 13:48:53,067 - cutter_log - INFO - Dist: 0
2024-09-13 13:48:53,067 - cutter_log - INFO - Control Type: Camera Control Current/Aim:2920.0/3000/[1000]
2024-09-13 13:48:53,485 - cutter_log - INFO - current_meter/aim_meter: 2920.0/3000[1000]
2024-09-13 13:48:53,507 - cutter_log - INFO - Color Regions: 1
2024-09-13 13:48:53,508 - cutter_log - INFO - Dist: 0
2024-09-13 13:48:53,508 - cutter_log - INFO - Control Type: Camera Control Current/Aim:2920.0/3000/[1000]
2024-09-13 13:48:53,936 - cutter_log - INFO - current_meter/aim_meter: 2920.0/3000[1000]
2024-09-13 13:48:53,957 - cutter_log - INFO - Color Regions: 0
2024-09-13 13:48:53,958 - cutter_log - INFO - Dist: 0
2024-09-13 13:48:53,958 - cutter_log - INFO - Control Type: Camera Control Current/Aim:2920.0/3000/[1000]
2024-09-13 13:48:54,391 - cutter_log - INFO - current_meter/aim_meter: 2920.0/3000[1000]
2024-09-13 13:48:54,414 - cutter_log - INFO - Color Regions: 1
2024-09-13 13:48:54,415 - cutter_log - INFO - Dist: 0
2024-09-13 13:48:54,415 - cutter_log - INFO - Control Type: Camera Control Current/Aim:2920.0/3000/[1000]
2024-09-13 13:48:54,864 - cutter_log - INFO - current_meter/aim_meter: 2920.0/3000[1000]
2024-09-13 13:48:54,886 - cutter_log - INFO - Color Regions: 0
2024-09-13 13:48:54,887 - cutter_log - INFO - Dist: 0
2024-09-13 13:48:54,887 - cutter_log - INFO - Control Type: Camera Control Current/Aim:2920.0/3000/[1000]
2024-09-13 13:48:55,316 - cutter_log - INFO - current_meter/aim_meter: 2920.0/3000[1000]
2024-09-13 13:48:55,339 - cutter_log - INFO - Color Regions: 1
2024-09-13 13:48:55,340 - cutter_log - INFO - Dist: 0
2024-09-13 13:48:55,340 - cutter_log - INFO - Control Type: Camera Control Current/Aim:2920.0/3000/[1000]
2024-09-13 13:48:55,784 - cutter_log - INFO - current_meter/aim_meter: 2920.0/3000[1000]
2024-09-13 13:48:55,807 - cutter_log - INFO - Color Regions: 1
2024-09-13 13:48:55,808 - cutter_log - INFO - Dist: 0
2024-09-13 13:48:55,808 - cutter_log - INFO - Control Type: Camera Control Current/Aim:2920.0/3000/[1000]
2024-09-13 13:48:56,238 - cutter_log - INFO - current_meter/aim_meter: 2920.0/3000[1000]
2024-09-13 13:48:56,261 - cutter_log - INFO - Color Regions: 2
2024-09-13 13:48:56,262 - cutter_log - INFO - Dist: 120.8
2024-09-13 13:48:56,262 - cutter_log - INFO - Control Type: Camera Control Current/Aim:2920.0/3000/[1000]
2024-09-13 13:48:56,692 - cutter_log - INFO - current_meter/aim_meter: 2920.0/3000[1000]
2024-09-13 13:48:56,715 - cutter_log - INFO - Color Regions: 0
2024-09-13 13:48:56,715 - cutter_log - INFO - Dist: 0
2024-09-13 13:48:56,715 - cutter_log - INFO - Control Type: Camera Control Current/Aim:2920.0/3000/[1000]
2024-09-13 13:48:57,147 - cutter_log - INFO - current_meter/aim_meter: 2920.0/3000[1000]
2024-09-13 13:48:57,167 - cutter_log - INFO - Color Regions: 0
2024-09-13 13:48:57,168 - cutter_log - INFO - Dist: 0
2024-09-13 13:48:57,168 - cutter_log - INFO - Control Type: Camera Control Current/Aim:2920.0/3000/[1000]
2024-09-13 13:48:57,605 - cutter_log - INFO - current_meter/aim_meter: 2920.0/3000[1000]
2024-09-13 13:48:57,625 - cutter_log - INFO - Color Regions: 2
2024-09-13 13:48:57,626 - cutter_log - INFO - Dist: 120.8
2024-09-13 13:48:57,626 - cutter_log - INFO - Control Type: Camera Control Current/Aim:2920.0/3000/[1000]
2024-09-13 13:48:58,057 - cutter_log - INFO - current_meter/aim_meter: 2920.0/3000[1000]
2024-09-13 13:48:58,079 - cutter_log - INFO - Color Regions: 2
2024-09-13 13:48:58,080 - cutter_log - INFO - Dist: 120.8
2024-09-13 13:48:58,080 - cutter_log - INFO - Control Type: Camera Control Current/Aim:2920.0/3000/[1000]
2024-09-13 13:48:58,400 - cutter_log - INFO - current_meter/aim_meter: 2920.0/3000[1000]
2024-09-13 13:48:58,423 - cutter_log - INFO - Color Regions: 2
2024-09-13 13:48:58,424 - cutter_log - INFO - Dist: 120.8
2024-09-13 13:48:58,424 - cutter_log - INFO - Control Type: Camera Control Current/Aim:2920.0/3000/[1000]
2024-09-13 13:48:58,848 - cutter_log - INFO - current_meter/aim_meter: 2920.0/3000[1000]
2024-09-13 13:48:58,869 - cutter_log - INFO - Color Regions: 2
2024-09-13 13:48:58,870 - cutter_log - INFO - Dist: 120.8
2024-09-13 13:48:58,870 - cutter_log - INFO - Control Type: Camera Control Current/Aim:2920.0/3000/[1000]
2024-09-13 13:48:59,316 - cutter_log - INFO - current_meter/aim_meter: 2920.0/3000[1000]
2024-09-13 13:48:59,336 - cutter_log - INFO - Color Regions: 2
2024-09-13 13:48:59,337 - cutter_log - INFO - Dist: 120.8
2024-09-13 13:48:59,337 - cutter_log - INFO - Control Type: Camera Control Current/Aim:2920.0/3000/[1000]
2024-09-13 13:48:59,759 - cutter_log - INFO - current_meter/aim_meter: 2920.0/3000[1000]
2024-09-13 13:48:59,780 - cutter_log - INFO - Color Regions: 1
2024-09-13 13:48:59,781 - cutter_log - INFO - Dist: 0
2024-09-13 13:48:59,781 - cutter_log - INFO - Control Type: Camera Control Current/Aim:2920.0/3000/[1000]
2024-09-13 13:49:00,216 - cutter_log - INFO - current_meter/aim_meter: 2920.0/3000[1000]
2024-09-13 13:49:00,238 - cutter_log - INFO - Color Regions: 1
2024-09-13 13:49:00,239 - cutter_log - INFO - Dist: 0
2024-09-13 13:49:00,239 - cutter_log - INFO - Control Type: Camera Control Current/Aim:2920.0/3000/[1000]
2024-09-13 13:49:00,658 - cutter_log - INFO - current_meter/aim_meter: 2920.0/3000[1000]
2024-09-13 13:49:00,680 - cutter_log - INFO - Color Regions: 2
2024-09-13 13:49:00,681 - cutter_log - INFO - Dist: 120.8
2024-09-13 13:49:00,681 - cutter_log - INFO - Control Type: Camera Control Current/Aim:2920.0/3000/[1000]
2024-09-13 13:49:01,116 - cutter_log - INFO - current_meter/aim_meter: 2920.0/3000[1000]
2024-09-13 13:49:01,139 - cutter_log - INFO - Color Regions: 2
2024-09-13 13:49:01,140 - cutter_log - INFO - Dist: 120.8
2024-09-13 13:49:01,140 - cutter_log - INFO - Control Type: Camera Control Current/Aim:2920.0/3000/[1000]
2024-09-13 13:49:01,570 - cutter_log - INFO - current_meter/aim_meter: 2920.0/3000[1000]
2024-09-13 13:49:01,591 - cutter_log - INFO - Color Regions: 2
2024-09-13 13:49:01,592 - cutter_log - INFO - Dist: 120.8
2024-09-13 13:49:01,592 - cutter_log - INFO - Control Type: Camera Control Current/Aim:2920.0/3000/[1000]
2024-09-13 13:49:01,928 - cutter_log - INFO - current_meter/aim_meter: 2920.0/3000[1000]
2024-09-13 13:49:01,950 - cutter_log - INFO - Color Regions: 1
2024-09-13 13:49:01,951 - cutter_log - INFO - Dist: 0
2024-09-13 13:49:01,951 - cutter_log - INFO - Control Type: Camera Control Current/Aim:2920.0/3000/[1000]
2024-09-13 13:49:02,388 - cutter_log - INFO - current_meter/aim_meter: 2920.0/3000[1000]
2024-09-13 13:49:02,408 - cutter_log - INFO - Color Regions: 2
2024-09-13 13:49:02,409 - cutter_log - INFO - Dist: 120.8
2024-09-13 13:49:02,409 - cutter_log - INFO - Control Type: Camera Control Current/Aim:2920.0/3000/[1000]
2024-09-13 13:49:02,843 - cutter_log - INFO - current_meter/aim_meter: 2920.0/3000[1000]
2024-09-13 13:49:02,866 - cutter_log - INFO - Color Regions: 2
2024-09-13 13:49:02,867 - cutter_log - INFO - Dist: 120.8
2024-09-13 13:49:02,867 - cutter_log - INFO - Control Type: Camera Control Current/Aim:2920.0/3000/[1000]
2024-09-13 13:49:03,296 - cutter_log - INFO - current_meter/aim_meter: 2920.0/3000[1000]
2024-09-13 13:49:03,318 - cutter_log - INFO - Color Regions: 2
2024-09-13 13:49:03,319 - cutter_log - INFO - Dist: 120.8
2024-09-13 13:49:03,319 - cutter_log - INFO - Control Type: Camera Control Current/Aim:2920.0/3000/[1000]
2024-09-13 13:49:03,749 - cutter_log - INFO - current_meter/aim_meter: 2920.0/3000[1000]
2024-09-13 13:49:03,770 - cutter_log - INFO - Color Regions: 2
2024-09-13 13:49:03,771 - cutter_log - INFO - Dist: 120.8
2024-09-13 13:49:03,771 - cutter_log - INFO - Control Type: Camera Control Current/Aim:2920.0/3000/[1000]
2024-09-13 13:49:04,216 - cutter_log - INFO - current_meter/aim_meter: 2920.0/3000[1000]
2024-09-13 13:49:04,236 - cutter_log - INFO - Color Regions: 2
2024-09-13 13:49:04,237 - cutter_log - INFO - Dist: 121.3
2024-09-13 13:49:04,237 - cutter_log - INFO - Control Type: Camera Control Current/Aim:2920.0/3000/[1000]
2024-09-13 13:49:04,668 - cutter_log - INFO - current_meter/aim_meter: 2920.0/3000[1000]
2024-09-13 13:49:04,689 - cutter_log - INFO - Color Regions: 3
2024-09-13 13:49:04,690 - cutter_log - INFO - Dist: 120.8
2024-09-13 13:49:04,690 - cutter_log - INFO - Control Type: Camera Control Current/Aim:2920.0/3000/[1000]
2024-09-13 13:49:05,108 - cutter_log - INFO - current_meter/aim_meter: 2920.0/3000[1000]
2024-09-13 13:49:05,129 - cutter_log - INFO - Color Regions: 3
2024-09-13 13:49:05,129 - cutter_log - INFO - Dist: 120.8
2024-09-13 13:49:05,129 - cutter_log - INFO - Control Type: Camera Control Current/Aim:2920.0/3000/[1000]
2024-09-13 13:49:05,564 - cutter_log - INFO - current_meter/aim_meter: 2920.0/3000[1000]
2024-09-13 13:49:05,584 - cutter_log - INFO - Color Regions: 4
2024-09-13 13:49:05,585 - cutter_log - INFO - Dist: -89.5
2024-09-13 13:49:05,585 - cutter_log - INFO - Control Type: Camera Control Current/Aim:2920.0/3000/[1000]
2024-09-13 13:49:06,018 - cutter_log - INFO - current_meter/aim_meter: 2920.0/3000[1000]
2024-09-13 13:49:06,040 - cutter_log - INFO - Color Regions: 3
2024-09-13 13:49:06,041 - cutter_log - INFO - Dist: 120.8
2024-09-13 13:49:06,041 - cutter_log - INFO - Control Type: Camera Control Current/Aim:2920.0/3000/[1000]
2024-09-13 13:49:06,473 - cutter_log - INFO - current_meter/aim_meter: 2920.0/3000[1000]
2024-09-13 13:49:06,495 - cutter_log - INFO - Color Regions: 3
2024-09-13 13:49:06,496 - cutter_log - INFO - Dist: 120.8
2024-09-13 13:49:06,496 - cutter_log - INFO - Control Type: Camera Control Current/Aim:2920.0/3000/[1000]
2024-09-13 13:49:06,927 - cutter_log - INFO - current_meter/aim_meter: 2920.0/3000[1000]
2024-09-13 13:49:06,948 - cutter_log - INFO - Color Regions: 3
2024-09-13 13:49:06,949 - cutter_log - INFO - Dist: 120.8
2024-09-13 13:49:06,949 - cutter_log - INFO - Control Type: Camera Control Current/Aim:2920.0/3000/[1000]
2024-09-13 13:49:07,371 - cutter_log - INFO - current_meter/aim_meter: 2920.0/3000[1000]
2024-09-13 13:49:07,392 - cutter_log - INFO - Color Regions: 3
2024-09-13 13:49:07,393 - cutter_log - INFO - Dist: 120.8
2024-09-13 13:49:07,393 - cutter_log - INFO - Control Type: Camera Control Current/Aim:2920.0/3000/[1000]
2024-09-13 13:49:07,828 - cutter_log - INFO - current_meter/aim_meter: 2920.0/3000[1000]
2024-09-13 13:49:07,848 - cutter_log - INFO - Color Regions: 3
2024-09-13 13:49:07,849 - cutter_log - INFO - Dist: 120.8
2024-09-13 13:49:07,849 - cutter_log - INFO - Control Type: Camera Control Current/Aim:2920.0/3000/[1000]
2024-09-13 13:49:08,267 - cutter_log - INFO - current_meter/aim_meter: 2920.0/3000[1000]
2024-09-13 13:49:08,288 - cutter_log - INFO - Color Regions: 3
2024-09-13 13:49:08,289 - cutter_log - INFO - Dist: 120.8
2024-09-13 13:49:08,289 - cutter_log - INFO - Control Type: Camera Control Current/Aim:2920.0/3000/[1000]
2024-09-13 13:49:08,708 - cutter_log - INFO - current_meter/aim_meter: 2920.0/3000[1000]
2024-09-13 13:49:08,730 - cutter_log - INFO - Color Regions: 3
2024-09-13 13:49:08,731 - cutter_log - INFO - Dist: 120.8
2024-09-13 13:49:08,731 - cutter_log - INFO - Control Type: Camera Control Current/Aim:2920.0/3000/[1000]
2024-09-13 13:49:09,151 - cutter_log - INFO - current_meter/aim_meter: 2920.0/3000[1000]
2024-09-13 13:49:09,173 - cutter_log - INFO - Color Regions: 3
2024-09-13 13:49:09,174 - cutter_log - INFO - Dist: 120.8
2024-09-13 13:49:09,174 - cutter_log - INFO - Control Type: Camera Control Current/Aim:2920.0/3000/[1000]
2024-09-13 13:49:09,608 - cutter_log - INFO - current_meter/aim_meter: 2920.0/3000[1000]
2024-09-13 13:49:09,631 - cutter_log - INFO - Color Regions: 3
2024-09-13 13:49:09,632 - cutter_log - INFO - Dist: 120.8
2024-09-13 13:49:09,632 - cutter_log - INFO - Control Type: Camera Control Current/Aim:2920.0/3000/[1000]
2024-09-13 13:49:10,065 - cutter_log - INFO - current_meter/aim_meter: 2920.0/3000[1000]
2024-09-13 13:49:10,084 - cutter_log - INFO - Color Regions: 2
2024-09-13 13:49:10,085 - cutter_log - INFO - Dist: 120.8
2024-09-13 13:49:10,085 - cutter_log - INFO - Control Type: Camera Control Current/Aim:2920.0/3000/[1000]
2024-09-13 13:49:10,419 - cutter_log - INFO - current_meter/aim_meter: 2920.0/3000[1000]
2024-09-13 13:49:10,441 - cutter_log - INFO - Color Regions: 3
2024-09-13 13:49:10,442 - cutter_log - INFO - Dist: 121.3
2024-09-13 13:49:10,442 - cutter_log - INFO - Control Type: Camera Control Current/Aim:2920.0/3000/[1000]
2024-09-13 13:49:10,866 - cutter_log - INFO - current_meter/aim_meter: 2920.0/3000[1000]
2024-09-13 13:49:10,887 - cutter_log - INFO - Color Regions: 4
2024-09-13 13:49:10,888 - cutter_log - INFO - Dist: -90.0
2024-09-13 13:49:10,888 - cutter_log - INFO - Control Type: Camera Control Current/Aim:2920.0/3000/[1000]
2024-09-13 13:49:11,319 - cutter_log - INFO - current_meter/aim_meter: 2920.0/3000[1000]
2024-09-13 13:49:11,342 - cutter_log - INFO - Color Regions: 3
2024-09-13 13:49:11,342 - cutter_log - INFO - Dist: 120.8
2024-09-13 13:49:11,342 - cutter_log - INFO - Control Type: Camera Control Current/Aim:2920.0/3000/[1000]
2024-09-13 13:49:11,776 - cutter_log - INFO - current_meter/aim_meter: 2920.0/3000[1000]
2024-09-13 13:49:11,798 - cutter_log - INFO - Color Regions: 3
2024-09-13 13:49:11,799 - cutter_log - INFO - Dist: 120.8
2024-09-13 13:49:11,799 - cutter_log - INFO - Control Type: Camera Control Current/Aim:2920.0/3000/[1000]
2024-09-13 13:49:12,230 - cutter_log - INFO - current_meter/aim_meter: 2920.0/3000[1000]
2024-09-13 13:49:12,251 - cutter_log - INFO - Color Regions: 3
2024-09-13 13:49:12,252 - cutter_log - INFO - Dist: 120.8
2024-09-13 13:49:12,252 - cutter_log - INFO - Control Type: Camera Control Current/Aim:2920.0/3000/[1000]
2024-09-13 13:49:12,687 - cutter_log - INFO - current_meter/aim_meter: 2920.0/3000[1000]
2024-09-13 13:49:12,710 - cutter_log - INFO - Color Regions: 3
2024-09-13 13:49:12,711 - cutter_log - INFO - Dist: 120.8
2024-09-13 13:49:12,711 - cutter_log - INFO - Control Type: Camera Control Current/Aim:2920.0/3000/[1000]
2024-09-13 13:49:13,145 - cutter_log - INFO - current_meter/aim_meter: 2920.0/3000[1000]
2024-09-13 13:49:13,165 - cutter_log - INFO - Color Regions: 3
2024-09-13 13:49:13,165 - cutter_log - INFO - Dist: 120.8
2024-09-13 13:49:13,166 - cutter_log - INFO - Control Type: Camera Control Current/Aim:2920.0/3000/[1000]
2024-09-13 13:49:13,599 - cutter_log - INFO - current_meter/aim_meter: 2920.0/3000[1000]
2024-09-13 13:49:13,620 - cutter_log - INFO - Color Regions: 3
2024-09-13 13:49:13,621 - cutter_log - INFO - Dist: 120.8
2024-09-13 13:49:13,621 - cutter_log - INFO - Control Type: Camera Control Current/Aim:2920.0/3000/[1000]
2024-09-13 13:49:14,067 - cutter_log - INFO - current_meter/aim_meter: 2920.0/3000[1000]
2024-09-13 13:49:14,089 - cutter_log - INFO - Color Regions: 3
2024-09-13 13:49:14,090 - cutter_log - INFO - Dist: 120.8
2024-09-13 13:49:14,090 - cutter_log - INFO - Control Type: Camera Control Current/Aim:2920.0/3000/[1000]
2024-09-13 13:49:14,504 - cutter_log - INFO - current_meter/aim_meter: 2920.0/3000[1000]
2024-09-13 13:49:14,525 - cutter_log - INFO - Color Regions: 3
2024-09-13 13:49:14,526 - cutter_log - INFO - Dist: 120.8
2024-09-13 13:49:14,526 - cutter_log - INFO - Control Type: Camera Control Current/Aim:2920.0/3000/[1000]
2024-09-13 13:49:14,959 - cutter_log - INFO - current_meter/aim_meter: 2920.0/3000[1000]
2024-09-13 13:49:14,980 - cutter_log - INFO - Color Regions: 3
2024-09-13 13:49:14,981 - cutter_log - INFO - Dist: 120.8
2024-09-13 13:49:14,981 - cutter_log - INFO - Control Type: Camera Control Current/Aim:2920.0/3000/[1000]
2024-09-13 13:49:15,417 - cutter_log - INFO - current_meter/aim_meter: 2920.0/3000[1000]
2024-09-13 13:49:15,439 - cutter_log - INFO - Color Regions: 3
2024-09-13 13:49:15,440 - cutter_log - INFO - Dist: 120.8
2024-09-13 13:49:15,440 - cutter_log - INFO - Control Type: Camera Control Current/Aim:2920.0/3000/[1000]
2024-09-13 13:49:15,858 - cutter_log - INFO - current_meter/aim_meter: 2920.0/3000[1000]
2024-09-13 13:49:15,879 - cutter_log - INFO - Color Regions: 3
2024-09-13 13:49:15,880 - cutter_log - INFO - Dist: 120.8
2024-09-13 13:49:15,880 - cutter_log - INFO - Control Type: Camera Control Current/Aim:2920.0/3000/[1000]
2024-09-13 13:49:16,315 - cutter_log - INFO - current_meter/aim_meter: 2920.0/3000[1000]
2024-09-13 13:49:16,338 - cutter_log - INFO - Color Regions: 3
2024-09-13 13:49:16,339 - cutter_log - INFO - Dist: 120.8
2024-09-13 13:49:16,339 - cutter_log - INFO - Control Type: Camera Control Current/Aim:2920.0/3000/[1000]
2024-09-13 13:49:16,756 - cutter_log - INFO - current_meter/aim_meter: 2920.0/3000[1000]
2024-09-13 13:49:16,778 - cutter_log - INFO - Color Regions: 3
2024-09-13 13:49:16,779 - cutter_log - INFO - Dist: 121.3
2024-09-13 13:49:16,779 - cutter_log - INFO - Control Type: Camera Control Current/Aim:2920.0/3000/[1000]
2024-09-13 13:49:17,212 - cutter_log - INFO - current_meter/aim_meter: 2920.0/3000[1000]
2024-09-13 13:49:17,233 - cutter_log - INFO - Color Regions: 3
2024-09-13 13:49:17,234 - cutter_log - INFO - Dist: 120.8
2024-09-13 13:49:17,234 - cutter_log - INFO - Control Type: Camera Control Current/Aim:2920.0/3000/[1000]
2024-09-13 13:49:17,668 - cutter_log - INFO - current_meter/aim_meter: 2920.0/3000[1000]
2024-09-13 13:49:17,689 - cutter_log - INFO - Color Regions: 3
2024-09-13 13:49:17,690 - cutter_log - INFO - Dist: 120.3
2024-09-13 13:49:17,690 - cutter_log - INFO - Control Type: Camera Control Current/Aim:2920.0/3000/[1000]
2024-09-13 13:49:18,110 - cutter_log - INFO - current_meter/aim_meter: 2920.0/3000[1000]
2024-09-13 13:49:18,131 - cutter_log - INFO - Color Regions: 3
2024-09-13 13:49:18,132 - cutter_log - INFO - Dist: 121.3
2024-09-13 13:49:18,132 - cutter_log - INFO - Control Type: Camera Control Current/Aim:2920.0/3000/[1000]
2024-09-13 13:49:18,566 - cutter_log - INFO - current_meter/aim_meter: 2920.0/3000[1000]
2024-09-13 13:49:18,588 - cutter_log - INFO - Color Regions: 3
2024-09-13 13:49:18,589 - cutter_log - INFO - Dist: 121.3
2024-09-13 13:49:18,589 - cutter_log - INFO - Control Type: Camera Control Current/Aim:2920.0/3000/[1000]
2024-09-13 13:49:19,009 - cutter_log - INFO - current_meter/aim_meter: 2920.0/3000[1000]
2024-09-13 13:49:19,030 - cutter_log - INFO - Color Regions: 4
2024-09-13 13:49:19,031 - cutter_log - INFO - Dist: -90.0
2024-09-13 13:49:19,031 - cutter_log - INFO - Control Type: Camera Control Current/Aim:2920.0/3000/[1000]
2024-09-13 13:49:19,464 - cutter_log - INFO - current_meter/aim_meter: 2920.0/3000[1000]
2024-09-13 13:49:19,486 - cutter_log - INFO - Color Regions: 3
2024-09-13 13:49:19,487 - cutter_log - INFO - Dist: 120.3
2024-09-13 13:49:19,487 - cutter_log - INFO - Control Type: Camera Control Current/Aim:2920.0/3000/[1000]
2024-09-13 13:49:19,805 - cutter_log - INFO - current_meter/aim_meter: 2920.0/3000[1000]
2024-09-13 13:49:19,827 - cutter_log - INFO - Color Regions: 3
2024-09-13 13:49:19,828 - cutter_log - INFO - Dist: 120.8
2024-09-13 13:49:19,829 - cutter_log - INFO - Control Type: Camera Control Current/Aim:2920.0/3000/[1000]
2024-09-13 13:49:20,251 - cutter_log - INFO - current_meter/aim_meter: 2920.0/3000[1000]
2024-09-13 13:49:20,273 - cutter_log - INFO - Color Regions: 3
2024-09-13 13:49:20,274 - cutter_log - INFO - Dist: 120.8
2024-09-13 13:49:20,274 - cutter_log - INFO - Control Type: Camera Control Current/Aim:2920.0/3000/[1000]
2024-09-13 13:49:20,610 - cutter_log - INFO - current_meter/aim_meter: 2920.0/3000[1000]
2024-09-13 13:49:20,633 - cutter_log - INFO - Color Regions: 3
2024-09-13 13:49:20,633 - cutter_log - INFO - Dist: 120.8
2024-09-13 13:49:20,634 - cutter_log - INFO - Control Type: Camera Control Current/Aim:2920.0/3000/[1000]
2024-09-13 13:49:21,054 - cutter_log - INFO - current_meter/aim_meter: 2920.0/3000[1000]
2024-09-13 13:49:21,076 - cutter_log - INFO - Color Regions: 3
2024-09-13 13:49:21,077 - cutter_log - INFO - Dist: 120.8
2024-09-13 13:49:21,077 - cutter_log - INFO - Control Type: Camera Control Current/Aim:2920.0/3000/[1000]
2024-09-13 13:49:21,511 - cutter_log - INFO - current_meter/aim_meter: 2920.0/3000[1000]
2024-09-13 13:49:21,532 - cutter_log - INFO - Color Regions: 3
2024-09-13 13:49:21,533 - cutter_log - INFO - Dist: 120.8
2024-09-13 13:49:21,533 - cutter_log - INFO - Control Type: Camera Control Current/Aim:2920.0/3000/[1000]
2024-09-13 13:49:21,967 - cutter_log - INFO - current_meter/aim_meter: 2920.0/3000[1000]
2024-09-13 13:49:21,988 - cutter_log - INFO - Color Regions: 3
2024-09-13 13:49:21,989 - cutter_log - INFO - Dist: 120.8
2024-09-13 13:49:21,989 - cutter_log - INFO - Control Type: Camera Control Current/Aim:2920.0/3000/[1000]
2024-09-13 13:49:22,420 - cutter_log - INFO - current_meter/aim_meter: 2920.0/3000[1000]
2024-09-13 13:49:22,439 - cutter_log - INFO - Color Regions: 3
2024-09-13 13:49:22,440 - cutter_log - INFO - Dist: 120.8
2024-09-13 13:49:22,440 - cutter_log - INFO - Control Type: Camera Control Current/Aim:2920.0/3000/[1000]
2024-09-13 13:49:22,760 - cutter_log - INFO - current_meter/aim_meter: 2920.0/3000[1000]
2024-09-13 13:49:22,783 - cutter_log - INFO - Color Regions: 3
2024-09-13 13:49:22,784 - cutter_log - INFO - Dist: 120.8
2024-09-13 13:49:22,784 - cutter_log - INFO - Control Type: Camera Control Current/Aim:2920.0/3000/[1000]
2024-09-13 13:49:23,207 - cutter_log - INFO - current_meter/aim_meter: 2920.0/3000[1000]
2024-09-13 13:49:23,228 - cutter_log - INFO - Color Regions: 3
2024-09-13 13:49:23,229 - cutter_log - INFO - Dist: 120.8
2024-09-13 13:49:23,229 - cutter_log - INFO - Control Type: Camera Control Current/Aim:2920.0/3000/[1000]
2024-09-13 13:49:23,666 - cutter_log - INFO - current_meter/aim_meter: 2920.0/3000[1000]
2024-09-13 13:49:23,687 - cutter_log - INFO - Color Regions: 3
2024-09-13 13:49:23,688 - cutter_log - INFO - Dist: 120.3
2024-09-13 13:49:23,688 - cutter_log - INFO - Control Type: Camera Control Current/Aim:2920.0/3000/[1000]
2024-09-13 13:49:24,120 - cutter_log - INFO - current_meter/aim_meter: 2920.0/3000[1000]
2024-09-13 13:49:24,141 - cutter_log - INFO - Color Regions: 3
2024-09-13 13:49:24,142 - cutter_log - INFO - Dist: 120.8
2024-09-13 13:49:24,142 - cutter_log - INFO - Control Type: Camera Control Current/Aim:2920.0/3000/[1000]
2024-09-13 13:49:24,577 - cutter_log - INFO - current_meter/aim_meter: 2920.0/3000[1000]
2024-09-13 13:49:24,596 - cutter_log - INFO - Color Regions: 3
2024-09-13 13:49:24,597 - cutter_log - INFO - Dist: 120.8
2024-09-13 13:49:24,597 - cutter_log - INFO - Control Type: Camera Control Current/Aim:2920.0/3000/[1000]
2024-09-13 13:49:24,931 - cutter_log - INFO - current_meter/aim_meter: 2920.0/3000[1000]
2024-09-13 13:49:24,952 - cutter_log - INFO - Color Regions: 3
2024-09-13 13:49:24,953 - cutter_log - INFO - Dist: 120.8
2024-09-13 13:49:24,953 - cutter_log - INFO - Control Type: Camera Control Current/Aim:2920.0/3000/[1000]
2024-09-13 13:49:25,391 - cutter_log - INFO - current_meter/aim_meter: 2920.0/3000[1000]
2024-09-13 13:49:25,412 - cutter_log - INFO - Color Regions: 3
2024-09-13 13:49:25,413 - cutter_log - INFO - Dist: 120.8
2024-09-13 13:49:25,413 - cutter_log - INFO - Control Type: Camera Control Current/Aim:2920.0/3000/[1000]
2024-09-13 13:49:25,848 - cutter_log - INFO - current_meter/aim_meter: 2920.0/3000[1000]
2024-09-13 13:49:25,869 - cutter_log - INFO - Color Regions: 4
2024-09-13 13:49:25,870 - cutter_log - INFO - Dist: -90.0
2024-09-13 13:49:25,870 - cutter_log - INFO - Control Type: Camera Control Current/Aim:2920.0/3000/[1000]
2024-09-13 13:49:26,298 - cutter_log - INFO - current_meter/aim_meter: 2920.0/3000[1000]
2024-09-13 13:49:26,319 - cutter_log - INFO - Color Regions: 3
2024-09-13 13:49:26,320 - cutter_log - INFO - Dist: 121.8
2024-09-13 13:49:26,320 - cutter_log - INFO - Control Type: Camera Control Current/Aim:2920.0/3000/[1000]
2024-09-13 13:49:26,739 - cutter_log - INFO - current_meter/aim_meter: 2920.0/3000[1000]
2024-09-13 13:49:26,759 - cutter_log - INFO - Color Regions: 4
2024-09-13 13:49:26,760 - cutter_log - INFO - Dist: -90.5
2024-09-13 13:49:26,760 - cutter_log - INFO - Control Type: Camera Control Current/Aim:2920.0/3000/[1000]
2024-09-13 13:49:27,178 - cutter_log - INFO - current_meter/aim_meter: 2920.0/3000[1000]
2024-09-13 13:49:27,199 - cutter_log - INFO - Color Regions: 3
2024-09-13 13:49:27,200 - cutter_log - INFO - Dist: 120.8
2024-09-13 13:49:27,201 - cutter_log - INFO - Control Type: Camera Control Current/Aim:2920.0/3000/[1000]
2024-09-13 13:49:27,633 - cutter_log - INFO - current_meter/aim_meter: 2920.0/3000[1000]
2024-09-13 13:49:27,656 - cutter_log - INFO - Color Regions: 3
2024-09-13 13:49:27,657 - cutter_log - INFO - Dist: 120.8
2024-09-13 13:49:27,657 - cutter_log - INFO - Control Type: Camera Control Current/Aim:2920.0/3000/[1000]
2024-09-13 13:49:28,091 - cutter_log - INFO - current_meter/aim_meter: 2920.0/3000[1000]
2024-09-13 13:49:28,113 - cutter_log - INFO - Color Regions: 3
2024-09-13 13:49:28,114 - cutter_log - INFO - Dist: 121.3
2024-09-13 13:49:28,114 - cutter_log - INFO - Control Type: Camera Control Current/Aim:2920.0/3000/[1000]
2024-09-13 13:49:28,545 - cutter_log - INFO - current_meter/aim_meter: 2920.0/3000[1000]
2024-09-13 13:49:28,567 - cutter_log - INFO - Color Regions: 2
2024-09-13 13:49:28,568 - cutter_log - INFO - Dist: 120.8
2024-09-13 13:49:28,568 - cutter_log - INFO - Control Type: Camera Control Current/Aim:2920.0/3000/[1000]
2024-09-13 13:49:28,996 - cutter_log - INFO - current_meter/aim_meter: 2920.0/3000[1000]
2024-09-13 13:49:29,017 - cutter_log - INFO - Color Regions: 3
2024-09-13 13:49:29,018 - cutter_log - INFO - Dist: 121.3
2024-09-13 13:49:29,018 - cutter_log - INFO - Control Type: Camera Control Current/Aim:2920.0/3000/[1000]
2024-09-13 13:49:29,438 - cutter_log - INFO - current_meter/aim_meter: 2920.0/3000[1000]
2024-09-13 13:49:29,460 - cutter_log - INFO - Color Regions: 3
2024-09-13 13:49:29,461 - cutter_log - INFO - Dist: 120.8
2024-09-13 13:49:29,461 - cutter_log - INFO - Control Type: Camera Control Current/Aim:2920.0/3000/[1000]
2024-09-13 13:49:29,908 - cutter_log - INFO - current_meter/aim_meter: 2920.0/3000[1000]
2024-09-13 13:49:29,930 - cutter_log - INFO - Color Regions: 3
2024-09-13 13:49:29,931 - cutter_log - INFO - Dist: 120.8
2024-09-13 13:49:29,931 - cutter_log - INFO - Control Type: Camera Control Current/Aim:2920.0/3000/[1000]
2024-09-13 13:49:30,361 - cutter_log - INFO - current_meter/aim_meter: 2920.0/3000[1000]
2024-09-13 13:49:30,383 - cutter_log - INFO - Color Regions: 3
2024-09-13 13:49:30,384 - cutter_log - INFO - Dist: 120.8
2024-09-13 13:49:30,384 - cutter_log - INFO - Control Type: Camera Control Current/Aim:2920.0/3000/[1000]
2024-09-13 13:49:30,819 - cutter_log - INFO - current_meter/aim_meter: 2920.0/3000[1000]
2024-09-13 13:49:30,842 - cutter_log - INFO - Color Regions: 3
2024-09-13 13:49:30,843 - cutter_log - INFO - Dist: 120.8
2024-09-13 13:49:30,843 - cutter_log - INFO - Control Type: Camera Control Current/Aim:2920.0/3000/[1000]
2024-09-13 13:49:31,274 - cutter_log - INFO - current_meter/aim_meter: 2920.0/3000[1000]
2024-09-13 13:49:31,296 - cutter_log - INFO - Color Regions: 3
2024-09-13 13:49:31,297 - cutter_log - INFO - Dist: 121.3
2024-09-13 13:49:31,298 - cutter_log - INFO - Control Type: Camera Control Current/Aim:2920.0/3000/[1000]
2024-09-13 13:49:31,716 - cutter_log - INFO - current_meter/aim_meter: 2920.0/3000[1000]
2024-09-13 13:49:31,738 - cutter_log - INFO - Color Regions: 3
2024-09-13 13:49:31,739 - cutter_log - INFO - Dist: 120.8
2024-09-13 13:49:31,739 - cutter_log - INFO - Control Type: Camera Control Current/Aim:2920.0/3000/[1000]
2024-09-13 13:49:32,158 - cutter_log - INFO - current_meter/aim_meter: 2920.0/3000[1000]
2024-09-13 13:49:32,179 - cutter_log - INFO - Color Regions: 3
2024-09-13 13:49:32,180 - cutter_log - INFO - Dist: 120.8
2024-09-13 13:49:32,180 - cutter_log - INFO - Control Type: Camera Control Current/Aim:2920.0/3000/[1000]
2024-09-13 13:49:32,613 - cutter_log - INFO - current_meter/aim_meter: 2920.0/3000[1000]
2024-09-13 13:49:32,634 - cutter_log - INFO - Color Regions: 3
2024-09-13 13:49:32,635 - cutter_log - INFO - Dist: 120.8
2024-09-13 13:49:32,635 - cutter_log - INFO - Control Type: Camera Control Current/Aim:2920.0/3000/[1000]
2024-09-13 13:49:33,069 - cutter_log - INFO - current_meter/aim_meter: 2920.0/3000[1000]
2024-09-13 13:49:33,090 - cutter_log - INFO - Color Regions: 2
2024-09-13 13:49:33,091 - cutter_log - INFO - Dist: 120.8
2024-09-13 13:49:33,091 - cutter_log - INFO - Control Type: Camera Control Current/Aim:2920.0/3000/[1000]
2024-09-13 13:49:33,508 - cutter_log - INFO - current_meter/aim_meter: 2920.0/3000[1000]
2024-09-13 13:49:33,530 - cutter_log - INFO - Color Regions: 3
2024-09-13 13:49:33,530 - cutter_log - INFO - Dist: 120.8
2024-09-13 13:49:33,531 - cutter_log - INFO - Control Type: Camera Control Current/Aim:2920.0/3000/[1000]
2024-09-13 13:49:33,948 - cutter_log - INFO - current_meter/aim_meter: 2920.0/3000[1000]
2024-09-13 13:49:33,969 - cutter_log - INFO - Color Regions: 3
2024-09-13 13:49:33,970 - cutter_log - INFO - Dist: 121.3
2024-09-13 13:49:33,970 - cutter_log - INFO - Control Type: Camera Control Current/Aim:2920.0/3000/[1000]
2024-09-13 13:49:34,401 - cutter_log - INFO - current_meter/aim_meter: 2920.0/3000[1000]
2024-09-13 13:49:34,421 - cutter_log - INFO - Color Regions: 3
2024-09-13 13:49:34,422 - cutter_log - INFO - Dist: 120.8
2024-09-13 13:49:34,422 - cutter_log - INFO - Control Type: Camera Control Current/Aim:2920.0/3000/[1000]
2024-09-13 13:49:34,855 - cutter_log - INFO - current_meter/aim_meter: 2920.0/3000[1000]
2024-09-13 13:49:34,876 - cutter_log - INFO - Color Regions: 3
2024-09-13 13:49:34,877 - cutter_log - INFO - Dist: 120.8
2024-09-13 13:49:34,877 - cutter_log - INFO - Control Type: Camera Control Current/Aim:2920.0/3000/[1000]
2024-09-13 13:49:35,308 - cutter_log - INFO - current_meter/aim_meter: 2920.0/3000[1000]
2024-09-13 13:49:35,329 - cutter_log - INFO - Color Regions: 3
2024-09-13 13:49:35,330 - cutter_log - INFO - Dist: 120.3
2024-09-13 13:49:35,330 - cutter_log - INFO - Control Type: Camera Control Current/Aim:2920.0/3000/[1000]
2024-09-13 13:49:35,750 - cutter_log - INFO - current_meter/aim_meter: 2920.0/3000[1000]
2024-09-13 13:49:35,771 - cutter_log - INFO - Color Regions: 3
2024-09-13 13:49:35,772 - cutter_log - INFO - Dist: 120.8
2024-09-13 13:49:35,772 - cutter_log - INFO - Control Type: Camera Control Current/Aim:2920.0/3000/[1000]
2024-09-13 13:49:36,207 - cutter_log - INFO - current_meter/aim_meter: 2920.0/3000[1000]
2024-09-13 13:49:36,229 - cutter_log - INFO - Color Regions: 3
2024-09-13 13:49:36,229 - cutter_log - INFO - Dist: 120.8
2024-09-13 13:49:36,230 - cutter_log - INFO - Control Type: Camera Control Current/Aim:2920.0/3000/[1000]
2024-09-13 13:49:36,675 - cutter_log - INFO - current_meter/aim_meter: 2920.0/3000[1000]
2024-09-13 13:49:36,697 - cutter_log - INFO - Color Regions: 3
2024-09-13 13:49:36,698 - cutter_log - INFO - Dist: 121.3
2024-09-13 13:49:36,698 - cutter_log - INFO - Control Type: Camera Control Current/Aim:2920.0/3000/[1000]
2024-09-13 13:49:37,116 - cutter_log - INFO - current_meter/aim_meter: 2920.0/3000[1000]
2024-09-13 13:49:37,137 - cutter_log - INFO - Color Regions: 3
2024-09-13 13:49:37,138 - cutter_log - INFO - Dist: 121.3
2024-09-13 13:49:37,138 - cutter_log - INFO - Control Type: Camera Control Current/Aim:2920.0/3000/[1000]
2024-09-13 13:49:37,571 - cutter_log - INFO - current_meter/aim_meter: 2920.0/3000[1000]
2024-09-13 13:49:37,590 - cutter_log - INFO - Color Regions: 3
2024-09-13 13:49:37,591 - cutter_log - INFO - Dist: 120.8
2024-09-13 13:49:37,591 - cutter_log - INFO - Control Type: Camera Control Current/Aim:2920.0/3000/[1000]
2024-09-13 13:49:38,025 - cutter_log - INFO - current_meter/aim_meter: 2920.0/3000[1000]
2024-09-13 13:49:38,047 - cutter_log - INFO - Color Regions: 4
2024-09-13 13:49:38,047 - cutter_log - INFO - Dist: -89.5
2024-09-13 13:49:38,048 - cutter_log - INFO - Control Type: Camera Control Current/Aim:2920.0/3000/[1000]
2024-09-13 13:49:38,481 - cutter_log - INFO - current_meter/aim_meter: 2920.0/3000[1000]
2024-09-13 13:49:38,504 - cutter_log - INFO - Color Regions: 3
2024-09-13 13:49:38,505 - cutter_log - INFO - Dist: 120.8
2024-09-13 13:49:38,505 - cutter_log - INFO - Control Type: Camera Control Current/Aim:2920.0/3000/[1000]
2024-09-13 13:49:38,936 - cutter_log - INFO - current_meter/aim_meter: 2920.0/3000[1000]
2024-09-13 13:49:38,957 - cutter_log - INFO - Color Regions: 3
2024-09-13 13:49:38,958 - cutter_log - INFO - Dist: 120.8
2024-09-13 13:49:38,958 - cutter_log - INFO - Control Type: Camera Control Current/Aim:2920.0/3000/[1000]
2024-09-13 13:49:39,394 - cutter_log - INFO - current_meter/aim_meter: 2920.0/3000[1000]
2024-09-13 13:49:39,415 - cutter_log - INFO - Color Regions: 3
2024-09-13 13:49:39,416 - cutter_log - INFO - Dist: 120.8
2024-09-13 13:49:39,416 - cutter_log - INFO - Control Type: Camera Control Current/Aim:2920.0/3000/[1000]
2024-09-13 13:49:39,851 - cutter_log - INFO - current_meter/aim_meter: 2920.0/3000[1000]
2024-09-13 13:49:39,871 - cutter_log - INFO - Color Regions: 3
2024-09-13 13:49:39,872 - cutter_log - INFO - Dist: 120.3
2024-09-13 13:49:39,872 - cutter_log - INFO - Control Type: Camera Control Current/Aim:2920.0/3000/[1000]
2024-09-13 13:49:40,301 - cutter_log - INFO - current_meter/aim_meter: 2920.0/3000[1000]
2024-09-13 13:49:40,322 - cutter_log - INFO - Color Regions: 3
2024-09-13 13:49:40,323 - cutter_log - INFO - Dist: 119.8
2024-09-13 13:49:40,323 - cutter_log - INFO - Control Type: Camera Control Current/Aim:2920.0/3000/[1000]
2024-09-13 13:49:40,750 - cutter_log - INFO - current_meter/aim_meter: 2920.0/3000[1000]
2024-09-13 13:49:40,771 - cutter_log - INFO - Color Regions: 3
2024-09-13 13:49:40,772 - cutter_log - INFO - Dist: 120.3
2024-09-13 13:49:40,772 - cutter_log - INFO - Control Type: Camera Control Current/Aim:2920.0/3000/[1000]
2024-09-13 13:49:41,203 - cutter_log - INFO - current_meter/aim_meter: 2920.0/3000[1000]
2024-09-13 13:49:41,225 - cutter_log - INFO - Color Regions: 4
2024-09-13 13:49:41,226 - cutter_log - INFO - Dist: -91.0
2024-09-13 13:49:41,226 - cutter_log - INFO - Control Type: Camera Control Current/Aim:2920.0/3000/[1000]
2024-09-13 13:49:41,655 - cutter_log - INFO - current_meter/aim_meter: 2920.0/3000[1000]
2024-09-13 13:49:41,678 - cutter_log - INFO - Color Regions: 3
2024-09-13 13:49:41,679 - cutter_log - INFO - Dist: 119.8
2024-09-13 13:49:41,679 - cutter_log - INFO - Control Type: Camera Control Current/Aim:2920.0/3000/[1000]
2024-09-13 13:49:42,108 - cutter_log - INFO - current_meter/aim_meter: 2920.0/3000[1000]
2024-09-13 13:49:42,129 - cutter_log - INFO - Color Regions: 3
2024-09-13 13:49:42,130 - cutter_log - INFO - Dist: 119.8
2024-09-13 13:49:42,130 - cutter_log - INFO - Control Type: Camera Control Current/Aim:2920.0/3000/[1000]
2024-09-13 13:49:42,562 - cutter_log - INFO - current_meter/aim_meter: 2920.0/3000[1000]
2024-09-13 13:49:42,583 - cutter_log - INFO - Color Regions: 3
2024-09-13 13:49:42,584 - cutter_log - INFO - Dist: 120.8
2024-09-13 13:49:42,584 - cutter_log - INFO - Control Type: Camera Control Current/Aim:2920.0/3000/[1000]
2024-09-13 13:49:42,917 - cutter_log - INFO - current_meter/aim_meter: 2920.0/3000[1000]
2024-09-13 13:49:42,940 - cutter_log - INFO - Color Regions: 3
2024-09-13 13:49:42,941 - cutter_log - INFO - Dist: 119.8
2024-09-13 13:49:42,941 - cutter_log - INFO - Control Type: Camera Control Current/Aim:2920.0/3000/[1000]
2024-09-13 13:49:43,376 - cutter_log - INFO - current_meter/aim_meter: 2920.0/3000[1000]
2024-09-13 13:49:43,400 - cutter_log - INFO - Color Regions: 3
2024-09-13 13:49:43,401 - cutter_log - INFO - Dist: 119.8
2024-09-13 13:49:43,401 - cutter_log - INFO - Control Type: Camera Control Current/Aim:2920.0/3000/[1000]
2024-09-13 13:49:43,818 - cutter_log - INFO - current_meter/aim_meter: 2920.0/3000[1000]
2024-09-13 13:49:43,839 - cutter_log - INFO - Color Regions: 3
2024-09-13 13:49:43,840 - cutter_log - INFO - Dist: 119.8
2024-09-13 13:49:43,840 - cutter_log - INFO - Control Type: Camera Control Current/Aim:2920.0/3000/[1000]
2024-09-13 13:49:44,274 - cutter_log - INFO - current_meter/aim_meter: 2920.0/3000[1000]
2024-09-13 13:49:44,294 - cutter_log - INFO - Color Regions: 3
2024-09-13 13:49:44,295 - cutter_log - INFO - Dist: 122.3
2024-09-13 13:49:44,295 - cutter_log - INFO - Control Type: Camera Control Current/Aim:2920.0/3000/[1000]
2024-09-13 13:49:44,715 - cutter_log - INFO - current_meter/aim_meter: 2920.0/3000[1000]
2024-09-13 13:49:44,736 - cutter_log - INFO - Color Regions: 3
2024-09-13 13:49:44,737 - cutter_log - INFO - Dist: 147.8
2024-09-13 13:49:44,737 - cutter_log - INFO - Control Type: Camera Control Current/Aim:2920.0/3000/[1000]
2024-09-13 13:49:45,170 - cutter_log - INFO - current_meter/aim_meter: 2920.0/3000[1000]
2024-09-13 13:49:45,191 - cutter_log - INFO - Color Regions: 3
2024-09-13 13:49:45,192 - cutter_log - INFO - Dist: 163.7
2024-09-13 13:49:45,192 - cutter_log - INFO - Control Type: Camera Control Current/Aim:2920.0/3000/[1000]
2024-09-13 13:49:45,623 - cutter_log - INFO - current_meter/aim_meter: 2920.0/3000[1000]
2024-09-13 13:49:45,644 - cutter_log - INFO - Color Regions: 3
2024-09-13 13:49:45,645 - cutter_log - INFO - Dist: 173.2
2024-09-13 13:49:45,645 - cutter_log - INFO - Control Type: Camera Control Current/Aim:2920.0/3000/[1000]
2024-09-13 13:49:46,078 - cutter_log - INFO - current_meter/aim_meter: 2920.0/3000[1000]
2024-09-13 13:49:46,101 - cutter_log - INFO - Color Regions: 3
2024-09-13 13:49:46,102 - cutter_log - INFO - Dist: 172.2
2024-09-13 13:49:46,102 - cutter_log - INFO - Control Type: Camera Control Current/Aim:2920.0/3000/[1000]
2024-09-13 13:49:46,533 - cutter_log - INFO - current_meter/aim_meter: 2920.0/3000[1000]
2024-09-13 13:49:46,554 - cutter_log - INFO - Color Regions: 4
2024-09-13 13:49:46,555 - cutter_log - INFO - Dist: -48.0
2024-09-13 13:49:46,555 - cutter_log - INFO - Control Type: Camera Control Current/Aim:2920.0/3000/[1000]
2024-09-13 13:49:46,975 - cutter_log - INFO - current_meter/aim_meter: 2920.0/3000[1000]
2024-09-13 13:49:46,996 - cutter_log - INFO - Color Regions: 4
2024-09-13 13:49:46,997 - cutter_log - INFO - Dist: -57.6
2024-09-13 13:49:46,997 - cutter_log - INFO - Control Type: Camera Control Current/Aim:2920.0/3000/[1000]
2024-09-13 13:49:47,431 - cutter_log - INFO - current_meter/aim_meter: 2920.0/3000[1000]
2024-09-13 13:49:47,453 - cutter_log - INFO - Color Regions: 3
2024-09-13 13:49:47,454 - cutter_log - INFO - Dist: 144.0
2024-09-13 13:49:47,454 - cutter_log - INFO - Control Type: Camera Control Current/Aim:2920.0/3000/[1000]
2024-09-13 13:49:47,884 - cutter_log - INFO - current_meter/aim_meter: 2920.0/3000[1000]
2024-09-13 13:49:47,905 - cutter_log - INFO - Color Regions: 3
2024-09-13 13:49:47,906 - cutter_log - INFO - Dist: 137.0
2024-09-13 13:49:47,906 - cutter_log - INFO - Control Type: Camera Control Current/Aim:2920.0/3000/[1000]
2024-09-13 13:49:48,341 - cutter_log - INFO - current_meter/aim_meter: 2920.0/3000[1000]
2024-09-13 13:49:48,361 - cutter_log - INFO - Color Regions: 4
2024-09-13 13:49:48,362 - cutter_log - INFO - Dist: -80.3
2024-09-13 13:49:48,362 - cutter_log - INFO - Control Type: Camera Control Current/Aim:2920.0/3000/[1000]
2024-09-13 13:49:48,778 - cutter_log - INFO - current_meter/aim_meter: 2920.0/3000[1000]
2024-09-13 13:49:48,799 - cutter_log - INFO - Color Regions: 3
2024-09-13 13:49:48,800 - cutter_log - INFO - Dist: 122.8
2024-09-13 13:49:48,800 - cutter_log - INFO - Control Type: Camera Control Current/Aim:2920.0/3000/[1000]
2024-09-13 13:49:49,235 - cutter_log - INFO - current_meter/aim_meter: 2920.0/3000[1000]
2024-09-13 13:49:49,257 - cutter_log - INFO - Color Regions: 3
2024-09-13 13:49:49,258 - cutter_log - INFO - Dist: 119.3
2024-09-13 13:49:49,258 - cutter_log - INFO - Control Type: Camera Control Current/Aim:2920.0/3000/[1000]
2024-09-13 13:49:49,694 - cutter_log - INFO - current_meter/aim_meter: 2920.0/3000[1000]
2024-09-13 13:49:49,714 - cutter_log - INFO - Color Regions: 3
2024-09-13 13:49:49,715 - cutter_log - INFO - Dist: 113.2
2024-09-13 13:49:49,715 - cutter_log - INFO - Control Type: Camera Control Current/Aim:2920.0/3000/[1000]
2024-09-13 13:49:50,149 - cutter_log - INFO - current_meter/aim_meter: 2920.0/3000[1000]
2024-09-13 13:49:50,170 - cutter_log - INFO - Color Regions: 3
2024-09-13 13:49:50,171 - cutter_log - INFO - Dist: 99.5
2024-09-13 13:49:50,171 - cutter_log - INFO - Control Type: Camera Control Current/Aim:2920.0/3000/[1000]
2024-09-13 13:49:50,601 - cutter_log - INFO - current_meter/aim_meter: 2920.0/3000[1000]
2024-09-13 13:49:50,622 - cutter_log - INFO - Color Regions: 3
2024-09-13 13:49:50,623 - cutter_log - INFO - Dist: 89.4
2024-09-13 13:49:50,623 - cutter_log - INFO - Control Type: Camera Control Current/Aim:2920.0/3000/[1000]
2024-09-13 13:49:51,058 - cutter_log - INFO - current_meter/aim_meter: 2920.0/3000[1000]
2024-09-13 13:49:51,079 - cutter_log - INFO - Color Regions: 2
2024-09-13 13:49:51,080 - cutter_log - INFO - Dist: 0
2024-09-13 13:49:51,080 - cutter_log - INFO - Control Type: Camera Control Current/Aim:2920.0/3000/[1000]
2024-09-13 13:49:51,498 - cutter_log - INFO - current_meter/aim_meter: 2920.0/3000[1000]
2024-09-13 13:49:51,517 - cutter_log - INFO - Color Regions: 3
2024-09-13 13:49:51,518 - cutter_log - INFO - Dist: 64.8
2024-09-13 13:49:51,518 - cutter_log - INFO - Control Type: Camera Control Current/Aim:2920.0/3000/[1000]
2024-09-13 13:49:51,937 - cutter_log - INFO - current_meter/aim_meter: 2920.0/3000[1000]
2024-09-13 13:49:51,957 - cutter_log - INFO - Color Regions: 3
2024-09-13 13:49:51,958 - cutter_log - INFO - Dist: 64.8
2024-09-13 13:49:51,958 - cutter_log - INFO - Control Type: Camera Control Current/Aim:2920.0/3000/[1000]
2024-09-13 13:49:52,392 - cutter_log - INFO - current_meter/aim_meter: 2920.0/3000[1000]
2024-09-13 13:49:52,414 - cutter_log - INFO - Color Regions: 3
2024-09-13 13:49:52,415 - cutter_log - INFO - Dist: 63.8
2024-09-13 13:49:52,415 - cutter_log - INFO - Control Type: Camera Control Current/Aim:2920.0/3000/[1000]
2024-09-13 13:49:52,735 - cutter_log - INFO - current_meter/aim_meter: 2920.0/3000[1000]
2024-09-13 13:49:52,756 - cutter_log - INFO - Color Regions: 3
2024-09-13 13:49:52,757 - cutter_log - INFO - Dist: 63.8
2024-09-13 13:49:52,757 - cutter_log - INFO - Control Type: Camera Control Current/Aim:2920.0/3000/[1000]
2024-09-13 13:49:53,184 - cutter_log - INFO - current_meter/aim_meter: 2920.0/3000[1000]
2024-09-13 13:49:53,206 - cutter_log - INFO - Color Regions: 3
2024-09-13 13:49:53,207 - cutter_log - INFO - Dist: 62.8
2024-09-13 13:49:53,207 - cutter_log - INFO - Control Type: Camera Control Current/Aim:2920.0/3000/[1000]
2024-09-13 13:49:53,539 - cutter_log - INFO - current_meter/aim_meter: 2920.0/3000[1000]
2024-09-13 13:49:53,560 - cutter_log - INFO - Color Regions: 3
2024-09-13 13:49:53,562 - cutter_log - INFO - Dist: 62.8
2024-09-13 13:49:53,562 - cutter_log - INFO - Control Type: Camera Control Current/Aim:2920.0/3000/[1000]
2024-09-13 13:49:54,004 - cutter_log - INFO - current_meter/aim_meter: 2920.0/3000[1000]
2024-09-13 13:49:54,025 - cutter_log - INFO - Color Regions: 2
2024-09-13 13:49:54,025 - cutter_log - INFO - Dist: 0
2024-09-13 13:49:54,026 - cutter_log - INFO - Control Type: Camera Control Current/Aim:2920.0/3000/[1000]
2024-09-13 13:49:54,459 - cutter_log - INFO - current_meter/aim_meter: 2920.0/3000[1000]
2024-09-13 13:49:54,481 - cutter_log - INFO - Color Regions: 3
2024-09-13 13:49:54,482 - cutter_log - INFO - Dist: 59.8
2024-09-13 13:49:54,482 - cutter_log - INFO - Control Type: Camera Control Current/Aim:2920.0/3000/[1000]
2024-09-13 13:49:54,902 - cutter_log - INFO - current_meter/aim_meter: 2920.0/3000[1000]
2024-09-13 13:49:54,922 - cutter_log - INFO - Color Regions: 2
2024-09-13 13:49:54,923 - cutter_log - INFO - Dist: 61.3
2024-09-13 13:49:54,923 - cutter_log - INFO - Control Type: Camera Control Current/Aim:2920.0/3000/[1000]
2024-09-13 13:49:55,358 - cutter_log - INFO - current_meter/aim_meter: 2920.0/3000[1000]
2024-09-13 13:49:55,378 - cutter_log - INFO - Color Regions: 3
2024-09-13 13:49:55,379 - cutter_log - INFO - Dist: 61.3
2024-09-13 13:49:55,379 - cutter_log - INFO - Control Type: Camera Control Current/Aim:2920.0/3000/[1000]
2024-09-13 13:49:55,808 - cutter_log - INFO - current_meter/aim_meter: 2920.0/3000[1000]
2024-09-13 13:49:55,828 - cutter_log - INFO - Color Regions: 3
2024-09-13 13:49:55,829 - cutter_log - INFO - Dist: 61.3
2024-09-13 13:49:55,829 - cutter_log - INFO - Control Type: Camera Control Current/Aim:2920.0/3000/[1000]
2024-09-13 13:49:56,261 - cutter_log - INFO - current_meter/aim_meter: 2920.0/3000[1000]
2024-09-13 13:49:56,282 - cutter_log - INFO - Color Regions: 3
2024-09-13 13:49:56,283 - cutter_log - INFO - Dist: 60.8
2024-09-13 13:49:56,283 - cutter_log - INFO - Control Type: Camera Control Current/Aim:2920.0/3000/[1000]
2024-09-13 13:49:56,715 - cutter_log - INFO - current_meter/aim_meter: 2920.0/3000[1000]
2024-09-13 13:49:56,735 - cutter_log - INFO - Color Regions: 3
2024-09-13 13:49:56,736 - cutter_log - INFO - Dist: 60.3
2024-09-13 13:49:56,736 - cutter_log - INFO - Control Type: Camera Control Current/Aim:2920.0/3000/[1000]
2024-09-13 13:49:57,154 - cutter_log - INFO - current_meter/aim_meter: 2920.0/3000[1000]
2024-09-13 13:49:57,174 - cutter_log - INFO - Color Regions: 1
2024-09-13 13:49:57,175 - cutter_log - INFO - Dist: 0
2024-09-13 13:49:57,175 - cutter_log - INFO - Control Type: Camera Control Current/Aim:2920.0/3000/[1000]
2024-09-13 13:49:57,609 - cutter_log - INFO - current_meter/aim_meter: 2920.0/3000[1000]
2024-09-13 13:49:57,630 - cutter_log - INFO - Color Regions: 1
2024-09-13 13:49:57,631 - cutter_log - INFO - Dist: 0
2024-09-13 13:49:57,631 - cutter_log - INFO - Control Type: Camera Control Current/Aim:2920.0/3000/[1000]
2024-09-13 13:49:58,064 - cutter_log - INFO - current_meter/aim_meter: 2920.0/3000[1000]
2024-09-13 13:49:58,084 - cutter_log - INFO - Color Regions: 3
2024-09-13 13:49:58,085 - cutter_log - INFO - Dist: 35.3
2024-09-13 13:49:58,085 - cutter_log - INFO - Control Type: Camera Control Current/Aim:2920.0/3000/[1000]
2024-09-13 13:49:58,520 - cutter_log - INFO - current_meter/aim_meter: 2920.0/3000[1000]
2024-09-13 13:49:58,540 - cutter_log - INFO - Color Regions: 2
2024-09-13 13:49:58,541 - cutter_log - INFO - Dist: 27.9
2024-09-13 13:49:58,541 - cutter_log - INFO - Control Type: Camera Control Current/Aim:2920.0/3000/[1000]
2024-09-13 13:49:58,977 - cutter_log - INFO - current_meter/aim_meter: 2920.0/3000[1000]
2024-09-13 13:49:58,999 - cutter_log - INFO - Color Regions: 2
2024-09-13 13:49:58,999 - cutter_log - INFO - Dist: 22.3
2024-09-13 13:49:59,000 - cutter_log - INFO - Control Type: Camera Control Current/Aim:2920.0/3000/[1000]
2024-09-13 13:49:59,447 - cutter_log - INFO - current_meter/aim_meter: 2920.0/3000[1000]
2024-09-13 13:49:59,467 - cutter_log - INFO - Color Regions: 1
2024-09-13 13:49:59,468 - cutter_log - INFO - Dist: 0
2024-09-13 13:49:59,468 - cutter_log - INFO - Control Type: Camera Control Current/Aim:2920.0/3000/[1000]
2024-09-13 13:49:59,902 - cutter_log - INFO - current_meter/aim_meter: 2920.0/3000[1000]
2024-09-13 13:49:59,923 - cutter_log - INFO - Color Regions: 2
2024-09-13 13:49:59,924 - cutter_log - INFO - Dist: 0
2024-09-13 13:49:59,924 - cutter_log - INFO - Control Type: Camera Control Current/Aim:2920.0/3000/[1000]
2024-09-13 13:50:00,369 - cutter_log - INFO - current_meter/aim_meter: 2920.0/3000[1000]
2024-09-13 13:50:00,388 - cutter_log - INFO - Color Regions: 3
2024-09-13 13:50:00,389 - cutter_log - INFO - Dist: 23.8
2024-09-13 13:50:00,389 - cutter_log - INFO - Control Type: Camera Control Current/Aim:2920.0/3000/[1000]
2024-09-13 13:50:00,825 - cutter_log - INFO - current_meter/aim_meter: 2920.0/3000[1000]
2024-09-13 13:50:00,846 - cutter_log - INFO - Color Regions: 3
2024-09-13 13:50:00,847 - cutter_log - INFO - Dist: 22.8
2024-09-13 13:50:00,847 - cutter_log - INFO - Control Type: Camera Control Current/Aim:2920.0/3000/[1000]
2024-09-13 13:50:01,264 - cutter_log - INFO - current_meter/aim_meter: 2920.0/3000[1000]
2024-09-13 13:50:01,286 - cutter_log - INFO - Color Regions: 4
2024-09-13 13:50:01,288 - cutter_log - INFO - Dist: 20.8
2024-09-13 13:50:01,288 - cutter_log - INFO - Control Type: Camera Control Current/Aim:2920.0/3000/[1000]
2024-09-13 13:50:01,703 - cutter_log - INFO - current_meter/aim_meter: 2920.0/3000[1000]
2024-09-13 13:50:01,727 - cutter_log - INFO - Color Regions: 2
2024-09-13 13:50:01,728 - cutter_log - INFO - Dist: -3.3
2024-09-13 13:50:01,728 - cutter_log - INFO - Control Type: Camera Control Current/Aim:2920.0/3000/[1000]
2024-09-13 13:50:02,159 - cutter_log - INFO - current_meter/aim_meter: 2920.0/3000[1000]
2024-09-13 13:50:02,180 - cutter_log - INFO - Color Regions: 2
2024-09-13 13:50:02,181 - cutter_log - INFO - Dist: -38.2
2024-09-13 13:50:02,181 - cutter_log - INFO - Control Type: Camera Control Current/Aim:2920.0/3000/[1000]
2024-09-13 13:50:02,616 - cutter_log - INFO - current_meter/aim_meter: 2920.0/3000[1000]
2024-09-13 13:50:02,637 - cutter_log - INFO - Color Regions: 2
2024-09-13 13:50:02,638 - cutter_log - INFO - Dist: 0
2024-09-13 13:50:02,638 - cutter_log - INFO - Control Type: Camera Control Current/Aim:2920.0/3000/[1000]
2024-09-13 13:50:03,056 - cutter_log - INFO - current_meter/aim_meter: 2920.0/3000[1000]
2024-09-13 13:50:03,078 - cutter_log - INFO - Color Regions: 2
2024-09-13 13:50:03,079 - cutter_log - INFO - Dist: -47.7
2024-09-13 13:50:03,079 - cutter_log - INFO - Control Type: Camera Control Current/Aim:2920.0/3000/[1000]
2024-09-13 13:50:03,513 - cutter_log - INFO - current_meter/aim_meter: 2920.0/3000[1000]
2024-09-13 13:50:03,533 - cutter_log - INFO - Color Regions: 2
2024-09-13 13:50:03,534 - cutter_log - INFO - Dist: -48.2
2024-09-13 13:50:03,534 - cutter_log - INFO - Control Type: Camera Control Current/Aim:2920.0/3000/[1000]
2024-09-13 13:50:03,956 - cutter_log - INFO - current_meter/aim_meter: 2920.0/3000[1000]
2024-09-13 13:50:03,976 - cutter_log - INFO - Color Regions: 2
2024-09-13 13:50:03,977 - cutter_log - INFO - Dist: -47.2
2024-09-13 13:50:03,977 - cutter_log - INFO - Control Type: Camera Control Current/Aim:2920.0/3000/[1000]
2024-09-13 13:50:04,413 - cutter_log - INFO - current_meter/aim_meter: 2920.0/3000[1000]
2024-09-13 13:50:04,435 - cutter_log - INFO - Color Regions: 2
2024-09-13 13:50:04,436 - cutter_log - INFO - Dist: -48.2
2024-09-13 13:50:04,436 - cutter_log - INFO - Control Type: Camera Control Current/Aim:2920.0/3000/[1000]
2024-09-13 13:50:04,867 - cutter_log - INFO - current_meter/aim_meter: 2920.0/3000[1000]
2024-09-13 13:50:04,888 - cutter_log - INFO - Color Regions: 2
2024-09-13 13:50:04,889 - cutter_log - INFO - Dist: -46.7
2024-09-13 13:50:04,889 - cutter_log - INFO - Control Type: Camera Control Current/Aim:2920.0/3000/[1000]
2024-09-13 13:50:05,324 - cutter_log - INFO - current_meter/aim_meter: 2920.0/3000[1000]
2024-09-13 13:50:05,345 - cutter_log - INFO - Color Regions: 2
2024-09-13 13:50:05,346 - cutter_log - INFO - Dist: -47.7
2024-09-13 13:50:05,346 - cutter_log - INFO - Control Type: Camera Control Current/Aim:2920.0/3000/[1000]
2024-09-13 13:50:05,678 - cutter_log - INFO - current_meter/aim_meter: 2920.0/3000[1000]
2024-09-13 13:50:05,698 - cutter_log - INFO - Color Regions: 2
2024-09-13 13:50:05,700 - cutter_log - INFO - Dist: -48.7
2024-09-13 13:50:05,700 - cutter_log - INFO - Control Type: Camera Control Current/Aim:2920.0/3000/[1000]
2024-09-13 13:50:06,123 - cutter_log - INFO - current_meter/aim_meter: 2920.0/3000[1000]
2024-09-13 13:50:06,144 - cutter_log - INFO - Color Regions: 2
2024-09-13 13:50:06,145 - cutter_log - INFO - Dist: -47.7
2024-09-13 13:50:06,145 - cutter_log - INFO - Control Type: Camera Control Current/Aim:2920.0/3000/[1000]
2024-09-13 13:50:06,566 - cutter_log - INFO - current_meter/aim_meter: 2920.0/3000[1000]
2024-09-13 13:50:06,586 - cutter_log - INFO - Color Regions: 3
2024-09-13 13:50:06,587 - cutter_log - INFO - Dist: -47.7
2024-09-13 13:50:06,588 - cutter_log - INFO - Control Type: Camera Control Current/Aim:2920.0/3000/[1000]
2024-09-13 13:50:07,007 - cutter_log - INFO - current_meter/aim_meter: 2920.0/3000[1000]
2024-09-13 13:50:07,027 - cutter_log - INFO - Color Regions: 3
2024-09-13 13:50:07,028 - cutter_log - INFO - Dist: -48.2
2024-09-13 13:50:07,028 - cutter_log - INFO - Control Type: Camera Control Current/Aim:2920.0/3000/[1000]
2024-09-13 13:50:07,459 - cutter_log - INFO - current_meter/aim_meter: 2920.0/3000[1000]
2024-09-13 13:50:07,481 - cutter_log - INFO - Color Regions: 2
2024-09-13 13:50:07,482 - cutter_log - INFO - Dist: -48.2
2024-09-13 13:50:07,482 - cutter_log - INFO - Control Type: Camera Control Current/Aim:2920.0/3000/[1000]
2024-09-13 13:50:07,915 - cutter_log - INFO - current_meter/aim_meter: 2920.0/3000[1000]
2024-09-13 13:50:07,936 - cutter_log - INFO - Color Regions: 3
2024-09-13 13:50:07,937 - cutter_log - INFO - Dist: -47.7
2024-09-13 13:50:07,937 - cutter_log - INFO - Control Type: Camera Control Current/Aim:2920.0/3000/[1000]
2024-09-13 13:50:08,365 - cutter_log - INFO - current_meter/aim_meter: 2920.0/3000[1000]
2024-09-13 13:50:08,386 - cutter_log - INFO - Color Regions: 3
2024-09-13 13:50:08,387 - cutter_log - INFO - Dist: -53.7
2024-09-13 13:50:08,387 - cutter_log - INFO - Control Type: Camera Control Current/Aim:2920.0/3000/[1000]
2024-09-13 13:50:08,804 - cutter_log - INFO - current_meter/aim_meter: 2920.0/3000[1000]
2024-09-13 13:50:08,824 - cutter_log - INFO - Color Regions: 2
2024-09-13 13:50:08,825 - cutter_log - INFO - Dist: -60.2
2024-09-13 13:50:08,825 - cutter_log - INFO - Control Type: Camera Control Current/Aim:2920.0/3000/[1000]
2024-09-13 13:50:09,257 - cutter_log - INFO - current_meter/aim_meter: 2920.0/3000[1000]
2024-09-13 13:50:09,278 - cutter_log - INFO - Color Regions: 1
2024-09-13 13:50:09,279 - cutter_log - INFO - Dist: 0
2024-09-13 13:50:09,279 - cutter_log - INFO - Control Type: Camera Control Current/Aim:2920.0/3000/[1000]
2024-09-13 13:50:09,729 - cutter_log - INFO - current_meter/aim_meter: 2920.0/3000[1000]
2024-09-13 13:50:09,751 - cutter_log - INFO - Color Regions: 1
2024-09-13 13:50:09,752 - cutter_log - INFO - Dist: 0
2024-09-13 13:50:09,752 - cutter_log - INFO - Control Type: Camera Control Current/Aim:2920.0/3000/[1000]
2024-09-13 13:50:10,184 - cutter_log - INFO - current_meter/aim_meter: 2920.0/3000[1000]
2024-09-13 13:50:10,203 - cutter_log - INFO - Color Regions: 2
2024-09-13 13:50:10,204 - cutter_log - INFO - Dist: 0
2024-09-13 13:50:10,204 - cutter_log - INFO - Control Type: Camera Control Current/Aim:2920.0/3000/[1000]
2024-09-13 13:50:10,624 - cutter_log - INFO - current_meter/aim_meter: 2920.0/3000[1000]
2024-09-13 13:50:10,645 - cutter_log - INFO - Color Regions: 2
2024-09-13 13:50:10,646 - cutter_log - INFO - Dist: -59.2
2024-09-13 13:50:10,646 - cutter_log - INFO - Control Type: Camera Control Current/Aim:2920.0/3000/[1000]
2024-09-13 13:50:11,084 - cutter_log - INFO - current_meter/aim_meter: 2920.0/3000[1000]
2024-09-13 13:50:11,105 - cutter_log - INFO - Color Regions: 2
2024-09-13 13:50:11,106 - cutter_log - INFO - Dist: -59.7
2024-09-13 13:50:11,106 - cutter_log - INFO - Control Type: Camera Control Current/Aim:2920.0/3000/[1000]
2024-09-13 13:50:11,539 - cutter_log - INFO - current_meter/aim_meter: 2920.0/3000[1000]
2024-09-13 13:50:11,560 - cutter_log - INFO - Color Regions: 2
2024-09-13 13:50:11,561 - cutter_log - INFO - Dist: -61.2
2024-09-13 13:50:11,561 - cutter_log - INFO - Control Type: Camera Control Current/Aim:2920.0/3000/[1000]
2024-09-13 13:50:11,994 - cutter_log - INFO - current_meter/aim_meter: 2920.0/3000[1000]
2024-09-13 13:50:12,014 - cutter_log - INFO - Color Regions: 2
2024-09-13 13:50:12,015 - cutter_log - INFO - Dist: -61.7
2024-09-13 13:50:12,015 - cutter_log - INFO - Control Type: Camera Control Current/Aim:2920.0/3000/[1000]
2024-09-13 13:50:12,450 - cutter_log - INFO - current_meter/aim_meter: 2920.0/3000[1000]
2024-09-13 13:50:12,469 - cutter_log - INFO - Color Regions: 2
2024-09-13 13:50:12,470 - cutter_log - INFO - Dist: -60.1
2024-09-13 13:50:12,470 - cutter_log - INFO - Control Type: Camera Control Current/Aim:2920.0/3000/[1000]
2024-09-13 13:50:12,906 - cutter_log - INFO - current_meter/aim_meter: 2920.0/3000[1000]
2024-09-13 13:50:12,928 - cutter_log - INFO - Color Regions: 2
2024-09-13 13:50:12,929 - cutter_log - INFO - Dist: -56.1
2024-09-13 13:50:12,929 - cutter_log - INFO - Control Type: Camera Control Current/Aim:2920.0/3000/[1000]
2024-09-13 13:50:13,362 - cutter_log - INFO - current_meter/aim_meter: 2920.0/3000[1000]
2024-09-13 13:50:13,382 - cutter_log - INFO - Color Regions: 2
2024-09-13 13:50:13,383 - cutter_log - INFO - Dist: -50.6
2024-09-13 13:50:13,383 - cutter_log - INFO - Control Type: Camera Control Current/Aim:2920.0/3000/[1000]
2024-09-13 13:50:13,815 - cutter_log - INFO - current_meter/aim_meter: 2920.0/3000[1000]
2024-09-13 13:50:13,836 - cutter_log - INFO - Color Regions: 2
2024-09-13 13:50:13,837 - cutter_log - INFO - Dist: -47.5
2024-09-13 13:50:13,837 - cutter_log - INFO - Control Type: Camera Control Current/Aim:2920.0/3000/[1000]
2024-09-13 13:50:14,256 - cutter_log - INFO - current_meter/aim_meter: 2920.0/3000[1000]
2024-09-13 13:50:14,277 - cutter_log - INFO - Color Regions: 2
2024-09-13 13:50:14,278 - cutter_log - INFO - Dist: -45.0
2024-09-13 13:50:14,278 - cutter_log - INFO - Control Type: Camera Control Current/Aim:2920.0/3000/[1000]
2024-09-13 13:50:14,716 - cutter_log - INFO - current_meter/aim_meter: 2920.0/3000[1000]
2024-09-13 13:50:14,736 - cutter_log - INFO - Color Regions: 2
2024-09-13 13:50:14,737 - cutter_log - INFO - Dist: -42.5
2024-09-13 13:50:14,737 - cutter_log - INFO - Control Type: Camera Control Current/Aim:2920.0/3000/[1000]
2024-09-13 13:50:15,153 - cutter_log - INFO - current_meter/aim_meter: 2920.0/3000[1000]
2024-09-13 13:50:15,173 - cutter_log - INFO - Color Regions: 2
2024-09-13 13:50:15,174 - cutter_log - INFO - Dist: -42.5
2024-09-13 13:50:15,174 - cutter_log - INFO - Control Type: Camera Control Current/Aim:2920.0/3000/[1000]
2024-09-13 13:50:15,610 - cutter_log - INFO - current_meter/aim_meter: 2920.0/3000[1000]
2024-09-13 13:50:15,631 - cutter_log - INFO - Color Regions: 2
2024-09-13 13:50:15,632 - cutter_log - INFO - Dist: -42.5
2024-09-13 13:50:15,632 - cutter_log - INFO - Control Type: Camera Control Current/Aim:2920.0/3000/[1000]
2024-09-13 13:50:16,067 - cutter_log - INFO - current_meter/aim_meter: 2920.0/3000[1000]
2024-09-13 13:50:16,090 - cutter_log - INFO - Color Regions: 2
2024-09-13 13:50:16,091 - cutter_log - INFO - Dist: -42.5
2024-09-13 13:50:16,091 - cutter_log - INFO - Control Type: Camera Control Current/Aim:2920.0/3000/[1000]
2024-09-13 13:50:16,524 - cutter_log - INFO - current_meter/aim_meter: 2920.0/3000[1000]
2024-09-13 13:50:16,546 - cutter_log - INFO - Color Regions: 2
2024-09-13 13:50:16,547 - cutter_log - INFO - Dist: -43.5
2024-09-13 13:50:16,547 - cutter_log - INFO - Control Type: Camera Control Current/Aim:2920.0/3000/[1000]
2024-09-13 13:50:16,966 - cutter_log - INFO - current_meter/aim_meter: 2920.0/3000[1000]
2024-09-13 13:50:16,987 - cutter_log - INFO - Color Regions: 3
2024-09-13 13:50:16,988 - cutter_log - INFO - Dist: -43.0
2024-09-13 13:50:16,988 - cutter_log - INFO - Control Type: Camera Control Current/Aim:2920.0/3000/[1000]
2024-09-13 13:50:17,408 - cutter_log - INFO - current_meter/aim_meter: 2920.0/3000[1000]
2024-09-13 13:50:17,429 - cutter_log - INFO - Color Regions: 2
2024-09-13 13:50:17,430 - cutter_log - INFO - Dist: -43.0
2024-09-13 13:50:17,430 - cutter_log - INFO - Control Type: Camera Control Current/Aim:2920.0/3000/[1000]
2024-09-13 13:50:17,866 - cutter_log - INFO - current_meter/aim_meter: 2920.0/3000[1000]
2024-09-13 13:50:17,889 - cutter_log - INFO - Color Regions: 2
2024-09-13 13:50:17,890 - cutter_log - INFO - Dist: -43.0
2024-09-13 13:50:17,890 - cutter_log - INFO - Control Type: Camera Control Current/Aim:2920.0/3000/[1000]
2024-09-13 13:50:18,324 - cutter_log - INFO - current_meter/aim_meter: 2920.0/3000[1000]
2024-09-13 13:50:18,346 - cutter_log - INFO - Color Regions: 2
2024-09-13 13:50:18,347 - cutter_log - INFO - Dist: -43.0
2024-09-13 13:50:18,347 - cutter_log - INFO - Control Type: Camera Control Current/Aim:2920.0/3000/[1000]
2024-09-13 13:50:18,778 - cutter_log - INFO - current_meter/aim_meter: 2920.0/3000[1000]
2024-09-13 13:50:18,798 - cutter_log - INFO - Color Regions: 2
2024-09-13 13:50:18,799 - cutter_log - INFO - Dist: -42.5
2024-09-13 13:50:18,799 - cutter_log - INFO - Control Type: Camera Control Current/Aim:2920.0/3000/[1000]
2024-09-13 13:50:19,218 - cutter_log - INFO - current_meter/aim_meter: 2920.0/3000[1000]
2024-09-13 13:50:19,239 - cutter_log - INFO - Color Regions: 2
2024-09-13 13:50:19,240 - cutter_log - INFO - Dist: -42.5
2024-09-13 13:50:19,240 - cutter_log - INFO - Control Type: Camera Control Current/Aim:2920.0/3000/[1000]
2024-09-13 13:50:19,685 - cutter_log - INFO - current_meter/aim_meter: 2920.0/3000[1000]
2024-09-13 13:50:19,706 - cutter_log - INFO - Color Regions: 2
2024-09-13 13:50:19,707 - cutter_log - INFO - Dist: -43.0
2024-09-13 13:50:19,707 - cutter_log - INFO - Control Type: Camera Control Current/Aim:2920.0/3000/[1000]
2024-09-13 13:50:20,143 - cutter_log - INFO - current_meter/aim_meter: 2920.0/3000[1000]
2024-09-13 13:50:20,164 - cutter_log - INFO - Color Regions: 1
2024-09-13 13:50:20,165 - cutter_log - INFO - Dist: 0
2024-09-13 13:50:20,165 - cutter_log - INFO - Control Type: Camera Control Current/Aim:2920.0/3000/[1000]
2024-09-13 13:50:20,586 - cutter_log - INFO - current_meter/aim_meter: 2920.0/3000[1000]
2024-09-13 13:50:20,606 - cutter_log - INFO - Color Regions: 2
2024-09-13 13:50:20,607 - cutter_log - INFO - Dist: -42.5
2024-09-13 13:50:20,608 - cutter_log - INFO - Control Type: Camera Control Current/Aim:2920.0/3000/[1000]
2024-09-13 13:50:21,027 - cutter_log - INFO - current_meter/aim_meter: 2920.0/3000[1000]
2024-09-13 13:50:21,052 - cutter_log - INFO - Color Regions: 2
2024-09-13 13:50:21,053 - cutter_log - INFO - Dist: -43.0
2024-09-13 13:50:21,053 - cutter_log - INFO - Control Type: Camera Control Current/Aim:2920.0/3000/[1000]
2024-09-13 13:50:21,499 - cutter_log - INFO - current_meter/aim_meter: 2920.0/3000[1000]
2024-09-13 13:50:21,521 - cutter_log - INFO - Color Regions: 3
2024-09-13 13:50:21,523 - cutter_log - INFO - Dist: -43.0
2024-09-13 13:50:21,523 - cutter_log - INFO - Control Type: Camera Control Current/Aim:2920.0/3000/[1000]
2024-09-13 13:50:21,957 - cutter_log - INFO - current_meter/aim_meter: 2920.0/3000[1000]
2024-09-13 13:50:21,979 - cutter_log - INFO - Color Regions: 2
2024-09-13 13:50:21,980 - cutter_log - INFO - Dist: 0
2024-09-13 13:50:21,980 - cutter_log - INFO - Control Type: Camera Control Current/Aim:2920.0/3000/[1000]
2024-09-13 13:50:22,412 - cutter_log - INFO - current_meter/aim_meter: 2920.0/3000[1000]
2024-09-13 13:50:22,434 - cutter_log - INFO - Color Regions: 3
2024-09-13 13:50:22,435 - cutter_log - INFO - Dist: -43.0
2024-09-13 13:50:22,435 - cutter_log - INFO - Control Type: Camera Control Current/Aim:2920.0/3000/[1000]
2024-09-13 13:50:22,868 - cutter_log - INFO - current_meter/aim_meter: 2920.0/3000[1000]
2024-09-13 13:50:22,889 - cutter_log - INFO - Color Regions: 3
2024-09-13 13:50:22,890 - cutter_log - INFO - Dist: -42.5
2024-09-13 13:50:22,890 - cutter_log - INFO - Control Type: Camera Control Current/Aim:2920.0/3000/[1000]
2024-09-13 13:50:23,324 - cutter_log - INFO - current_meter/aim_meter: 2920.0/3000[1000]
2024-09-13 13:50:23,345 - cutter_log - INFO - Color Regions: 2
2024-09-13 13:50:23,346 - cutter_log - INFO - Dist: -43.0
2024-09-13 13:50:23,346 - cutter_log - INFO - Control Type: Camera Control Current/Aim:2920.0/3000/[1000]
2024-09-13 13:50:23,777 - cutter_log - INFO - current_meter/aim_meter: 2920.0/3000[1000]
2024-09-13 13:50:23,798 - cutter_log - INFO - Color Regions: 3
2024-09-13 13:50:23,799 - cutter_log - INFO - Dist: -42.5
2024-09-13 13:50:23,799 - cutter_log - INFO - Control Type: Camera Control Current/Aim:2920.0/3000/[1000]
2024-09-13 13:50:24,214 - cutter_log - INFO - current_meter/aim_meter: 2920.0/3000[1000]
2024-09-13 13:50:24,236 - cutter_log - INFO - Color Regions: 4
2024-09-13 13:50:24,237 - cutter_log - INFO - Dist: -42.5
2024-09-13 13:50:24,237 - cutter_log - INFO - Control Type: Camera Control Current/Aim:2920.0/3000/[1000]
2024-09-13 13:50:24,667 - cutter_log - INFO - current_meter/aim_meter: 2920.0/3000[1000]
2024-09-13 13:50:24,689 - cutter_log - INFO - Color Regions: 3
2024-09-13 13:50:24,690 - cutter_log - INFO - Dist: -43.5
2024-09-13 13:50:24,691 - cutter_log - INFO - Control Type: Camera Control Current/Aim:2920.0/3000/[1000]
2024-09-13 13:50:25,108 - cutter_log - INFO - current_meter/aim_meter: 2920.0/3000[1000]
2024-09-13 13:50:25,129 - cutter_log - INFO - Color Regions: 2
2024-09-13 13:50:25,131 - cutter_log - INFO - Dist: -42.0
2024-09-13 13:50:25,131 - cutter_log - INFO - Control Type: Camera Control Current/Aim:2920.0/3000/[1000]
2024-09-13 13:50:25,569 - cutter_log - INFO - current_meter/aim_meter: 2920.0/3000[1000]
2024-09-13 13:50:25,590 - cutter_log - INFO - Color Regions: 3
2024-09-13 13:50:25,591 - cutter_log - INFO - Dist: -43.0
2024-09-13 13:50:25,591 - cutter_log - INFO - Control Type: Camera Control Current/Aim:2920.0/3000/[1000]
2024-09-13 13:50:26,023 - cutter_log - INFO - current_meter/aim_meter: 2920.0/3000[1000]
2024-09-13 13:50:26,048 - cutter_log - INFO - Color Regions: 3
2024-09-13 13:50:26,049 - cutter_log - INFO - Dist: -43.0
2024-09-13 13:50:26,049 - cutter_log - INFO - Control Type: Camera Control Current/Aim:2920.0/3000/[1000]
2024-09-13 13:50:26,481 - cutter_log - INFO - current_meter/aim_meter: 2920.0/3000[1000]
2024-09-13 13:50:26,503 - cutter_log - INFO - Color Regions: 3
2024-09-13 13:50:26,504 - cutter_log - INFO - Dist: -43.0
2024-09-13 13:50:26,504 - cutter_log - INFO - Control Type: Camera Control Current/Aim:2920.0/3000/[1000]
2024-09-13 13:50:26,933 - cutter_log - INFO - current_meter/aim_meter: 2920.0/3000[1000]
2024-09-13 13:50:26,953 - cutter_log - INFO - Color Regions: 3
2024-09-13 13:50:26,954 - cutter_log - INFO - Dist: -43.0
2024-09-13 13:50:26,954 - cutter_log - INFO - Control Type: Camera Control Current/Aim:2920.0/3000/[1000]
2024-09-13 13:50:27,379 - cutter_log - INFO - current_meter/aim_meter: 2920.0/3000[1000]
2024-09-13 13:50:27,401 - cutter_log - INFO - Color Regions: 3
2024-09-13 13:50:27,402 - cutter_log - INFO - Dist: -43.5
2024-09-13 13:50:27,402 - cutter_log - INFO - Control Type: Camera Control Current/Aim:2920.0/3000/[1000]
2024-09-13 13:50:27,829 - cutter_log - INFO - current_meter/aim_meter: 2920.0/3000[1000]
2024-09-13 13:50:27,851 - cutter_log - INFO - Color Regions: 4
2024-09-13 13:50:27,852 - cutter_log - INFO - Dist: -43.0
2024-09-13 13:50:27,852 - cutter_log - INFO - Control Type: Camera Control Current/Aim:2920.0/3000/[1000]
2024-09-13 13:50:28,168 - cutter_log - INFO - current_meter/aim_meter: 2920.0/3000[1000]
2024-09-13 13:50:28,190 - cutter_log - INFO - Color Regions: 2
2024-09-13 13:50:28,191 - cutter_log - INFO - Dist: -42.5
2024-09-13 13:50:28,191 - cutter_log - INFO - Control Type: Camera Control Current/Aim:2920.0/3000/[1000]
2024-09-13 13:50:28,624 - cutter_log - INFO - current_meter/aim_meter: 2920.0/3000[1000]
2024-09-13 13:50:28,646 - cutter_log - INFO - Color Regions: 3
2024-09-13 13:50:28,647 - cutter_log - INFO - Dist: -43.5
2024-09-13 13:50:28,647 - cutter_log - INFO - Control Type: Camera Control Current/Aim:2920.0/3000/[1000]
2024-09-13 13:50:29,079 - cutter_log - INFO - current_meter/aim_meter: 2920.0/3000[1000]
2024-09-13 13:50:29,099 - cutter_log - INFO - Color Regions: 3
2024-09-13 13:50:29,100 - cutter_log - INFO - Dist: -43.0
2024-09-13 13:50:29,101 - cutter_log - INFO - Control Type: Camera Control Current/Aim:2920.0/3000/[1000]
2024-09-13 13:50:29,514 - cutter_log - INFO - current_meter/aim_meter: 2920.0/3000[1000]
2024-09-13 13:50:29,536 - cutter_log - INFO - Color Regions: 3
2024-09-13 13:50:29,537 - cutter_log - INFO - Dist: -43.0
2024-09-13 13:50:29,537 - cutter_log - INFO - Control Type: Camera Control Current/Aim:2920.0/3000/[1000]
2024-09-13 13:50:29,969 - cutter_log - INFO - current_meter/aim_meter: 2920.0/3000[1000]
2024-09-13 13:50:29,990 - cutter_log - INFO - Color Regions: 3
2024-09-13 13:50:29,991 - cutter_log - INFO - Dist: -42.5
2024-09-13 13:50:29,991 - cutter_log - INFO - Control Type: Camera Control Current/Aim:2920.0/3000/[1000]
2024-09-13 13:50:30,424 - cutter_log - INFO - current_meter/aim_meter: 2920.0/3000[1000]
2024-09-13 13:50:30,448 - cutter_log - INFO - Color Regions: 3
2024-09-13 13:50:30,449 - cutter_log - INFO - Dist: -43.0
2024-09-13 13:50:30,449 - cutter_log - INFO - Control Type: Camera Control Current/Aim:2920.0/3000/[1000]
2024-09-13 13:50:30,882 - cutter_log - INFO - current_meter/aim_meter: 2920.0/3000[1000]
2024-09-13 13:50:30,905 - cutter_log - INFO - Color Regions: 2
2024-09-13 13:50:30,906 - cutter_log - INFO - Dist: -43.5
2024-09-13 13:50:30,906 - cutter_log - INFO - Control Type: Camera Control Current/Aim:2920.0/3000/[1000]
2024-09-13 13:50:31,325 - cutter_log - INFO - current_meter/aim_meter: 2920.0/3000[1000]
2024-09-13 13:50:31,348 - cutter_log - INFO - Color Regions: 3
2024-09-13 13:50:31,349 - cutter_log - INFO - Dist: -43.5
2024-09-13 13:50:31,349 - cutter_log - INFO - Control Type: Camera Control Current/Aim:2920.0/3000/[1000]
2024-09-13 13:50:31,799 - cutter_log - INFO - current_meter/aim_meter: 2920.0/3000[1000]
2024-09-13 13:50:31,822 - cutter_log - INFO - Color Regions: 3
2024-09-13 13:50:31,823 - cutter_log - INFO - Dist: -43.5
2024-09-13 13:50:31,823 - cutter_log - INFO - Control Type: Camera Control Current/Aim:2920.0/3000/[1000]
2024-09-13 13:50:32,257 - cutter_log - INFO - current_meter/aim_meter: 2920.0/3000[1000]
2024-09-13 13:50:32,280 - cutter_log - INFO - Color Regions: 3
2024-09-13 13:50:32,281 - cutter_log - INFO - Dist: -43.0
2024-09-13 13:50:32,281 - cutter_log - INFO - Control Type: Camera Control Current/Aim:2920.0/3000/[1000]
2024-09-13 13:50:32,715 - cutter_log - INFO - current_meter/aim_meter: 2920.0/3000[1000]
2024-09-13 13:50:32,736 - cutter_log - INFO - Color Regions: 3
2024-09-13 13:50:32,737 - cutter_log - INFO - Dist: -43.0
2024-09-13 13:50:32,738 - cutter_log - INFO - Control Type: Camera Control Current/Aim:2920.0/3000/[1000]
2024-09-13 13:50:33,188 - cutter_log - INFO - current_meter/aim_meter: 2920.0/3000[1000]
2024-09-13 13:50:33,210 - cutter_log - INFO - Color Regions: 3
2024-09-13 13:50:33,211 - cutter_log - INFO - Dist: -43.0
2024-09-13 13:50:33,211 - cutter_log - INFO - Control Type: Camera Control Current/Aim:2920.0/3000/[1000]
2024-09-13 13:50:33,630 - cutter_log - INFO - current_meter/aim_meter: 2920.0/3000[1000]
2024-09-13 13:50:33,651 - cutter_log - INFO - Color Regions: 2
2024-09-13 13:50:33,653 - cutter_log - INFO - Dist: -43.5
2024-09-13 13:50:33,653 - cutter_log - INFO - Control Type: Camera Control Current/Aim:2920.0/3000/[1000]
2024-09-13 13:50:34,089 - cutter_log - INFO - current_meter/aim_meter: 2920.0/3000[1000]
2024-09-13 13:50:34,109 - cutter_log - INFO - Color Regions: 3
2024-09-13 13:50:34,110 - cutter_log - INFO - Dist: -42.5
2024-09-13 13:50:34,110 - cutter_log - INFO - Control Type: Camera Control Current/Aim:2920.0/3000/[1000]
2024-09-13 13:50:34,545 - cutter_log - INFO - current_meter/aim_meter: 2920.0/3000[1000]
2024-09-13 13:50:34,567 - cutter_log - INFO - Color Regions: 2
2024-09-13 13:50:34,568 - cutter_log - INFO - Dist: -43.0
2024-09-13 13:50:34,568 - cutter_log - INFO - Control Type: Camera Control Current/Aim:2920.0/3000/[1000]
2024-09-13 13:50:34,989 - cutter_log - INFO - current_meter/aim_meter: 2920.0/3000[1000]
2024-09-13 13:50:35,008 - cutter_log - INFO - Color Regions: 3
2024-09-13 13:50:35,009 - cutter_log - INFO - Dist: -43.5
2024-09-13 13:50:35,009 - cutter_log - INFO - Control Type: Camera Control Current/Aim:2920.0/3000/[1000]
2024-09-13 13:50:35,431 - cutter_log - INFO - current_meter/aim_meter: 2920.0/3000[1000]
2024-09-13 13:50:35,453 - cutter_log - INFO - Color Regions: 3
2024-09-13 13:50:35,454 - cutter_log - INFO - Dist: -43.0
2024-09-13 13:50:35,454 - cutter_log - INFO - Control Type: Camera Control Current/Aim:2920.0/3000/[1000]
2024-09-13 13:50:35,887 - cutter_log - INFO - current_meter/aim_meter: 2920.0/3000[1000]
2024-09-13 13:50:35,909 - cutter_log - INFO - Color Regions: 2
2024-09-13 13:50:35,910 - cutter_log - INFO - Dist: -43.5
2024-09-13 13:50:35,910 - cutter_log - INFO - Control Type: Camera Control Current/Aim:2920.0/3000/[1000]
2024-09-13 13:50:36,345 - cutter_log - INFO - current_meter/aim_meter: 2920.0/3000[1000]
2024-09-13 13:50:36,368 - cutter_log - INFO - Color Regions: 3
2024-09-13 13:50:36,369 - cutter_log - INFO - Dist: -43.0
2024-09-13 13:50:36,369 - cutter_log - INFO - Control Type: Camera Control Current/Aim:2920.0/3000/[1000]
2024-09-13 13:50:36,786 - cutter_log - INFO - current_meter/aim_meter: 2920.0/3000[1000]
2024-09-13 13:50:36,808 - cutter_log - INFO - Color Regions: 3
2024-09-13 13:50:36,809 - cutter_log - INFO - Dist: -44.0
2024-09-13 13:50:36,809 - cutter_log - INFO - Control Type: Camera Control Current/Aim:2920.0/3000/[1000]
2024-09-13 13:50:37,227 - cutter_log - INFO - current_meter/aim_meter: 2920.0/3000[1000]
2024-09-13 13:50:37,249 - cutter_log - INFO - Color Regions: 2
2024-09-13 13:50:37,251 - cutter_log - INFO - Dist: -42.5
2024-09-13 13:50:37,251 - cutter_log - INFO - Control Type: Camera Control Current/Aim:2920.0/3000/[1000]
2024-09-13 13:50:37,583 - cutter_log - INFO - current_meter/aim_meter: 2920.0/3000[1000]
2024-09-13 13:50:37,605 - cutter_log - INFO - Color Regions: 3
2024-09-13 13:50:37,607 - cutter_log - INFO - Dist: -42.5
2024-09-13 13:50:37,607 - cutter_log - INFO - Control Type: Camera Control Current/Aim:2920.0/3000/[1000]
2024-09-13 13:50:38,032 - cutter_log - INFO - current_meter/aim_meter: 2920.0/3000[1000]
2024-09-13 13:50:38,053 - cutter_log - INFO - Color Regions: 3
2024-09-13 13:50:38,054 - cutter_log - INFO - Dist: -42.5
2024-09-13 13:50:38,054 - cutter_log - INFO - Control Type: Camera Control Current/Aim:2920.0/3000/[1000]
2024-09-13 13:50:38,488 - cutter_log - INFO - current_meter/aim_meter: 2920.0/3000[1000]
2024-09-13 13:50:38,509 - cutter_log - INFO - Color Regions: 4
2024-09-13 13:50:38,510 - cutter_log - INFO - Dist: -43.5
2024-09-13 13:50:38,510 - cutter_log - INFO - Control Type: Camera Control Current/Aim:2920.0/3000/[1000]
2024-09-13 13:50:38,945 - cutter_log - INFO - current_meter/aim_meter: 2920.0/3000[1000]
2024-09-13 13:50:38,965 - cutter_log - INFO - Color Regions: 3
2024-09-13 13:50:38,966 - cutter_log - INFO - Dist: -43.0
2024-09-13 13:50:38,966 - cutter_log - INFO - Control Type: Camera Control Current/Aim:2920.0/3000/[1000]
2024-09-13 13:50:39,401 - cutter_log - INFO - current_meter/aim_meter: 2920.0/3000[1000]
2024-09-13 13:50:39,423 - cutter_log - INFO - Color Regions: 2
2024-09-13 13:50:39,424 - cutter_log - INFO - Dist: -43.0
2024-09-13 13:50:39,424 - cutter_log - INFO - Control Type: Camera Control Current/Aim:2920.0/3000/[1000]
2024-09-13 13:50:39,858 - cutter_log - INFO - current_meter/aim_meter: 2920.0/3000[1000]
2024-09-13 13:50:39,880 - cutter_log - INFO - Color Regions: 3
2024-09-13 13:50:39,881 - cutter_log - INFO - Dist: -43.0
2024-09-13 13:50:39,881 - cutter_log - INFO - Control Type: Camera Control Current/Aim:2920.0/3000/[1000]
2024-09-13 13:50:40,312 - cutter_log - INFO - current_meter/aim_meter: 2920.0/3000[1000]
2024-09-13 13:50:40,334 - cutter_log - INFO - Color Regions: 3
2024-09-13 13:50:40,335 - cutter_log - INFO - Dist: -43.0
2024-09-13 13:50:40,335 - cutter_log - INFO - Control Type: Camera Control Current/Aim:2920.0/3000/[1000]
2024-09-13 13:50:40,768 - cutter_log - INFO - current_meter/aim_meter: 2920.0/3000[1000]
2024-09-13 13:50:40,789 - cutter_log - INFO - Color Regions: 2
2024-09-13 13:50:40,790 - cutter_log - INFO - Dist: -42.5
2024-09-13 13:50:40,791 - cutter_log - INFO - Control Type: Camera Control Current/Aim:2920.0/3000/[1000]
2024-09-13 13:50:41,227 - cutter_log - INFO - current_meter/aim_meter: 2920.0/3000[1000]
2024-09-13 13:50:41,249 - cutter_log - INFO - Color Regions: 3
2024-09-13 13:50:41,250 - cutter_log - INFO - Dist: -42.0
2024-09-13 13:50:41,251 - cutter_log - INFO - Control Type: Camera Control Current/Aim:2920.0/3000/[1000]
2024-09-13 13:50:41,684 - cutter_log - INFO - current_meter/aim_meter: 2920.0/3000[1000]
2024-09-13 13:50:41,708 - cutter_log - INFO - Color Regions: 3
2024-09-13 13:50:41,710 - cutter_log - INFO - Dist: -42.5
2024-09-13 13:50:41,710 - cutter_log - INFO - Control Type: Camera Control Current/Aim:2920.0/3000/[1000]
2024-09-13 13:50:42,125 - cutter_log - INFO - current_meter/aim_meter: 2920.0/3000[1000]
2024-09-13 13:50:42,146 - cutter_log - INFO - Color Regions: 2
2024-09-13 13:50:42,147 - cutter_log - INFO - Dist: -43.0
2024-09-13 13:50:42,147 - cutter_log - INFO - Control Type: Camera Control Current/Aim:2920.0/3000/[1000]
2024-09-13 13:50:42,580 - cutter_log - INFO - current_meter/aim_meter: 2920.0/3000[1000]
2024-09-13 13:50:42,601 - cutter_log - INFO - Color Regions: 2
2024-09-13 13:50:42,602 - cutter_log - INFO - Dist: -43.5
2024-09-13 13:50:42,602 - cutter_log - INFO - Control Type: Camera Control Current/Aim:2920.0/3000/[1000]
2024-09-13 13:50:43,050 - cutter_log - INFO - current_meter/aim_meter: 2920.0/3000[1000]
2024-09-13 13:50:43,073 - cutter_log - INFO - Color Regions: 3
2024-09-13 13:50:43,074 - cutter_log - INFO - Dist: -43.0
2024-09-13 13:50:43,075 - cutter_log - INFO - Control Type: Camera Control Current/Aim:2920.0/3000/[1000]
2024-09-13 13:50:43,504 - cutter_log - INFO - current_meter/aim_meter: 2920.0/3000[1000]
2024-09-13 13:50:43,527 - cutter_log - INFO - Color Regions: 3
2024-09-13 13:50:43,528 - cutter_log - INFO - Dist: -42.5
2024-09-13 13:50:43,528 - cutter_log - INFO - Control Type: Camera Control Current/Aim:2920.0/3000/[1000]
2024-09-13 13:50:43,959 - cutter_log - INFO - current_meter/aim_meter: 2920.0/3000[1000]
2024-09-13 13:50:43,980 - cutter_log - INFO - Color Regions: 2
2024-09-13 13:50:43,981 - cutter_log - INFO - Dist: -43.0
2024-09-13 13:50:43,982 - cutter_log - INFO - Control Type: Camera Control Current/Aim:2920.0/3000/[1000]
2024-09-13 13:50:44,416 - cutter_log - INFO - current_meter/aim_meter: 2920.0/3000[1000]
2024-09-13 13:50:44,437 - cutter_log - INFO - Color Regions: 2
2024-09-13 13:50:44,438 - cutter_log - INFO - Dist: -44.0
2024-09-13 13:50:44,439 - cutter_log - INFO - Control Type: Camera Control Current/Aim:2920.0/3000/[1000]
2024-09-13 13:50:44,860 - cutter_log - INFO - current_meter/aim_meter: 2920.0/3000[1000]
2024-09-13 13:50:44,883 - cutter_log - INFO - Color Regions: 2
2024-09-13 13:50:44,884 - cutter_log - INFO - Dist: 0
2024-09-13 13:50:44,884 - cutter_log - INFO - Control Type: Camera Control Current/Aim:2920.0/3000/[1000]
2024-09-13 13:50:45,305 - cutter_log - INFO - current_meter/aim_meter: 2920.0/3000[1000]
2024-09-13 13:50:45,326 - cutter_log - INFO - Color Regions: 1
2024-09-13 13:50:45,327 - cutter_log - INFO - Dist: 0
2024-09-13 13:50:45,327 - cutter_log - INFO - Control Type: Camera Control Current/Aim:2920.0/3000/[1000]
2024-09-13 13:50:45,755 - cutter_log - INFO - current_meter/aim_meter: 2920.0/3000[1000]
2024-09-13 13:50:45,777 - cutter_log - INFO - Color Regions: 2
2024-09-13 13:50:45,778 - cutter_log - INFO - Dist: -43.0
2024-09-13 13:50:45,778 - cutter_log - INFO - Control Type: Camera Control Current/Aim:2920.0/3000/[1000]
2024-09-13 13:50:46,094 - cutter_log - INFO - current_meter/aim_meter: 2920.0/3000[1000]
2024-09-13 13:50:46,116 - cutter_log - INFO - Color Regions: 2
2024-09-13 13:50:46,117 - cutter_log - INFO - Dist: -43.0
2024-09-13 13:50:46,117 - cutter_log - INFO - Control Type: Camera Control Current/Aim:2920.0/3000/[1000]
2024-09-13 13:50:46,540 - cutter_log - INFO - current_meter/aim_meter: 2920.0/3000[1000]
2024-09-13 13:50:46,562 - cutter_log - INFO - Color Regions: 2
2024-09-13 13:50:46,564 - cutter_log - INFO - Dist: -42.5
2024-09-13 13:50:46,564 - cutter_log - INFO - Control Type: Camera Control Current/Aim:2920.0/3000/[1000]
2024-09-13 13:50:46,995 - cutter_log - INFO - current_meter/aim_meter: 2920.0/3000[1000]
2024-09-13 13:50:47,018 - cutter_log - INFO - Color Regions: 2
2024-09-13 13:50:47,019 - cutter_log - INFO - Dist: -43.0
2024-09-13 13:50:47,019 - cutter_log - INFO - Control Type: Camera Control Current/Aim:2920.0/3000/[1000]
2024-09-13 13:50:47,446 - cutter_log - INFO - current_meter/aim_meter: 2920.0/3000[1000]
2024-09-13 13:50:47,468 - cutter_log - INFO - Color Regions: 2
2024-09-13 13:50:47,469 - cutter_log - INFO - Dist: -43.5
2024-09-13 13:50:47,469 - cutter_log - INFO - Control Type: Camera Control Current/Aim:2920.0/3000/[1000]
2024-09-13 13:50:47,899 - cutter_log - INFO - current_meter/aim_meter: 2920.0/3000[1000]
2024-09-13 13:50:47,922 - cutter_log - INFO - Color Regions: 2
2024-09-13 13:50:47,923 - cutter_log - INFO - Dist: -43.5
2024-09-13 13:50:47,923 - cutter_log - INFO - Control Type: Camera Control Current/Aim:2920.0/3000/[1000]
2024-09-13 13:50:48,354 - cutter_log - INFO - current_meter/aim_meter: 2920.0/3000[1000]
2024-09-13 13:50:48,374 - cutter_log - INFO - Color Regions: 3
2024-09-13 13:50:48,375 - cutter_log - INFO - Dist: -43.0
2024-09-13 13:50:48,375 - cutter_log - INFO - Control Type: Camera Control Current/Aim:2920.0/3000/[1000]
2024-09-13 13:50:48,707 - cutter_log - INFO - current_meter/aim_meter: 2920.0/3000[1000]
2024-09-13 13:50:48,730 - cutter_log - INFO - Color Regions: 3
2024-09-13 13:50:48,731 - cutter_log - INFO - Dist: -42.5
2024-09-13 13:50:48,731 - cutter_log - INFO - Control Type: Camera Control Current/Aim:2920.0/3000/[1000]
2024-09-13 13:50:49,170 - cutter_log - INFO - current_meter/aim_meter: 2920.0/3000[1000]
2024-09-13 13:50:49,193 - cutter_log - INFO - Color Regions: 2
2024-09-13 13:50:49,195 - cutter_log - INFO - Dist: -43.0
2024-09-13 13:50:49,195 - cutter_log - INFO - Control Type: Camera Control Current/Aim:2920.0/3000/[1000]
